    |\^/|     Maple 2021 (X86 64 LINUX)
._|\|   |/|_. Copyright (c) Maplesoft, a division of Waterloo Maple Inc. 2021
 \  MAPLE  /  All rights reserved. Maple is a trademark of
 <____ ____>  Waterloo Maple Inc.
      |       Type ? for help.
> infolevel[Groebner]:=10;
                           infolevel[Groebner] := 10

> Et_hat := [10653557157986910006-i_0-r_0, -e_0*eps+g*i_0+i_0*mu+i_1, -g*i_0+mu*r_0+r_1, 2113929877313231292-n_0, n_1, -i_1-r_1-39981818047939848420268658451678084807, -e_1*eps+(g+mu)*i_1+i_2, -g*i_1+mu*r_1+r_2, -b*i_0*s_0+e_0*eps*n_0+e_0*mu*n_0+e_1*n_0, -i_2-r_2+894889262500779613451340967655595249163634087913842332006296529472742627/25165831872776563, -e_2*eps+(g+mu)*i_2+i_3, -g*i_2+mu*r_2+r_3, ((mu+eps)*n_0+n_1)*e_1+n_0*e_2+e_0*(mu+eps)*n_1-b*(i_0*s_1+i_1*s_0), b*i_0*r0*s_0+mu*n_0*s_0-Lam*n_0+n_0*s_1, -i_3-r_3-24500036068815383610996234056587249500983207428401436398359718408429786698128548219822153776112417782736960739995815541334345119/1266638187697713464353269844185938, -e_3*eps+(g+mu)*i_3+i_4, -g*i_3+mu*r_3+r_4, (2*eps*n_1+2*mu*n_1+n_2)*e_1+(eps*n_0+mu*n_0+2*n_1)*e_2+e_0*eps*n_2+n_0*e_3+e_0*mu*n_2-(i_0*s_2+2*i_1*s_1+i_2*s_0)*b, n_2, b*i_1*r0*s_0+(mu*s_0-Lam+s_1)*n_1+(b*i_0*r0+mu*n_0)*s_1+n_0*s_2, -i_4-r_4+118794167843248435722457808423542574429015737100359110223559537854654299137785080482888216042171609903044231740080097135786706339833575996350698313571213594893658743020770924887190394/111566012863336710537943537506373322466192751998829, -e_4*eps+(g+mu)*i_4+i_5, -g*i_4+mu*r_4+r_5, (e_0*n_3+3*e_1*n_2+3*e_2*n_1+e_3*n_0)*eps+(e_0*n_3+3*e_1*n_2+3*e_2*n_1+e_3*n_0)*mu+(-i_0*s_3-3*i_1*s_2-3*i_2*s_1-i_3*s_0)*b+n_0*e_4+3*e_3*n_1+3*e_2*n_2+e_1*n_3, n_3, (mu*s_0-Lam+s_1)*n_2+(2*b*i_1*r0+2*mu*n_1)*s_1+(b*i_0*r0+mu*n_0+2*n_1)*s_2+b*i_2*r0*s_0+n_0*s_3, -i_5-r_5-1152002737786354724965799381237733389159601589313062385990374017959945632339725989227448796386249058356317214185404513311488566689393552061213706393054513328024800184060339004556307129760306681757050567333569376452956062863219725678692213/19653560657043313055794263612218559462767662910132856178638482513089, -e_5*eps+(g+mu)*i_5+i_6, -g*i_5+mu*r_5+r_6, (e_0*n_4+4*e_1*n_3+6*e_2*n_2+4*e_3*n_1+e_4*n_0)*eps+(e_0*n_4+4*e_1*n_3+6*e_2*n_2+4*e_3*n_1+e_4*n_0)*mu+(-i_0*s_4-4*i_1*s_3-6*i_2*s_2-4*i_3*s_1-i_4*s_0)*b+n_0*e_5+4*e_4*n_1+6*e_3*n_2+4*e_2*n_3+e_1*n_4, n_4, (n_0*s_3+3*n_1*s_2+3*n_2*s_1+n_3*s_0)*mu+b*(i_0*s_3+3*i_1*s_2+3*i_2*s_1+i_3*s_0)*r0+(s_1-Lam)*n_3+3*n_1*s_3+3*n_2*s_2+n_0*s_4, -i_6-r_6+22343021243574996475140119531442018052057510834600914209088656542565225646544254536299852974482505964570407961234206783892174473479405764133745514228002151809118919149624663194740001965765772972554841409270710395332873050195900124827240976459556217793623357971553707179610557941831870879482127/6924374844751953358118951277251610063281573017016025277421555299807665889757879063498, -e_6*eps+(g+mu)*i_6+i_7, -g*i_6+mu*r_6+r_7, (e_0*n_5+5*e_1*n_4+10*e_2*n_3+10*e_3*n_2+5*e_4*n_1+e_5*n_0)*eps+(e_0*n_5+5*e_1*n_4+10*e_2*n_3+10*e_3*n_2+5*e_4*n_1+e_5*n_0)*mu+(-i_0*s_5-5*i_1*s_4-10*i_2*s_3-10*i_3*s_2-5*i_4*s_1-i_5*s_0)*b+n_0*e_6+5*e_5*n_1+10*e_4*n_2+10*e_3*n_3+5*e_2*n_4+e_1*n_5, n_5, (n_0*s_4+4*n_1*s_3+6*n_2*s_2+4*n_3*s_1+n_4*s_0)*mu+b*(i_0*s_4+4*i_1*s_3+6*i_2*s_2+4*i_3*s_1+i_4*s_0)*r0+(s_1-Lam)*n_4+n_0*s_5+4*n_1*s_4+6*n_2*s_3+4*n_3*s_2, -i_7-r_7-433341503380545738518800055082999883155990093303128854970913766193855931801776916500366461251753224115476140844033568071460629615079993628530721062267308436554104551301781366668622368294392203977779296961518437710134476434783938419304292990114992718059584765270007367224690375940683084784832633095450271925176531490297560177614083960414870398533633/2439607144339553622792014232462804459563891648904849016273484475737088245533528564439065392664204763236, -e_7*eps+(g+mu)*i_7+i_8, -g*i_7+mu*r_7+r_8, (e_0*n_6+6*e_1*n_5+15*e_2*n_4+20*e_3*n_3+15*e_4*n_2+6*e_5*n_1+e_6*n_0)*eps+(e_0*n_6+6*e_1*n_5+15*e_2*n_4+20*e_3*n_3+15*e_4*n_2+6*e_5*n_1+e_6*n_0)*mu+(-i_0*s_6-6*i_1*s_5-15*i_2*s_4-20*i_3*s_3-15*i_4*s_2-6*i_5*s_1-i_6*s_0)*b+n_0*e_7+6*e_6*n_1+15*e_5*n_2+20*e_4*n_3+15*e_3*n_4+6*e_2*n_5+e_1*n_6, n_6, (n_0*s_5+5*n_1*s_4+10*n_2*s_3+10*n_3*s_2+5*n_4*s_1+n_5*s_0)*mu+b*(i_0*s_5+5*i_1*s_4+10*i_2*s_3+10*i_3*s_2+5*i_4*s_1+i_5*s_0)*r0+(s_1-Lam)*n_5+n_0*s_6+5*n_1*s_5+10*n_2*s_4+10*n_3*s_3+5*n_4*s_2, -i_8-r_8+1050578928566516716621881001730709973816206899581322299133269791650352833135418706825021638007412388518427730396658070918362920730458049864202838596136996432679279801076798653357702756374052637369500391234668023687722329571287445842637824317739145519169497793309002126656330068000978329697370484099409726570328412365754628514324388097389005444170926859516016597709068795887111834520253615675365444217804/107440800652629065288698664812141018824951281871319045904355297470595520976998096688898759605578183034728912127353466269, -e_8*eps+(g+mu)*i_8+i_9, -g*i_8+mu*r_8+r_9, (e_0*n_7+7*e_1*n_6+21*e_2*n_5+35*e_3*n_4+35*e_4*n_3+21*e_5*n_2+7*e_6*n_1+e_7*n_0)*eps+(e_0*n_7+7*e_1*n_6+21*e_2*n_5+35*e_3*n_4+35*e_4*n_3+21*e_5*n_2+7*e_6*n_1+e_7*n_0)*mu+(-i_0*s_7-7*i_1*s_6-21*i_2*s_5-35*i_3*s_4-35*i_4*s_3-21*i_5*s_2-7*i_6*s_1-i_7*s_0)*b+7*e_7*n_1+n_0*e_8+21*e_6*n_2+35*e_5*n_3+35*e_4*n_4+21*e_3*n_5+7*e_2*n_6+e_1*n_7, n_7, (n_0*s_6+6*n_1*s_5+15*n_2*s_4+20*n_3*s_3+15*n_4*s_2+6*n_5*s_1+n_6*s_0)*mu+6*(i_5*s_1+1/6*i_6*s_0+5/2*s_2*i_4+10/3*s_3*i_3+5/2*s_4*i_2+s_5*i_1+1/6*s_6*i_0)*b*r0+(s_1-Lam)*n_6+n_0*s_7+6*n_1*s_6+15*n_2*s_5+20*n_3*s_4+15*n_4*s_3+6*n_5*s_2, -i_9-r_9-40751825580065868246965197337165291531179277671536243345485532800635910739759106120174204851243904640749710409325774677995194354613470032245305083852125111828525110594657507681530408412720723335850944617322957797310401973301080027297818868957022702472666448084340268858952274636664332345169725464451037265589046672059514020515818869684866478747075425591029866656203721023016286774855018021074691440535048688558277242906222267199182885369607874430548086304457/75707439514015833504767061104508309269688605476655204131320196746380973009805157802612026088625712501646880206900246433652071231039096516, -n_1, -n_2, -n_3, -n_4, -n_5, -n_6, -n_7, -265873605307932048345635979627392108683629956254091118562324482888385501624154020263277543980725335531501630014554990519170425970352996899490460814336628546974947008596789512535970478618310234866994888941494947934523121608108823362286097267052777634711666528923949372287500321995913476568418879496888587228685915061628616103965051803566427334630847581448474443865626513497492098470200106260233515713819879/21058396927915296796584938303179639689690451246778532997253638304236722111491626951024156882693323874806866776961279388724-s_7, n_0*z_aux-1];
Et_hat := [10653557157986910006 - i_0 - r_0, -e_0 eps + g i_0 + i_0 mu + i_1,

    -g i_0 + mu r_0 + r_1, 2113929877313231292 - n_0, n_1,

    -i_1 - r_1 - 39981818047939848420268658451678084807,

    -e_1 eps + (g + mu) i_1 + i_2, -g i_1 + mu r_1 + r_2,

    -b i_0 s_0 + e_0 eps n_0 + e_0 mu n_0 + e_1 n_0, -i_2 - r_2

       894889262500779613451340967655595249163634087913842332006296529472742627
     + ------------------------------------------------------------------------
                                  25165831872776563

    , -e_2 eps + (g + mu) i_2 + i_3, -g i_2 + mu r_2 + r_3,

    ((mu + eps) n_0 + n_1) e_1 + n_0 e_2 + e_0 (mu + eps) n_1

     - b (i_0 s_1 + i_1 s_0), b i_0 r0 s_0 + mu n_0 s_0 - Lam n_0 + n_0 s_1,

    -i_3 - r_3 - 24500036068815383610996234056587249500983207428401436398359\

    718408429786698128548219822153776112417782736960739995815541334345119/

    1266638187697713464353269844185938, -e_3 eps + (g + mu) i_3 + i_4,

    -g i_3 + mu r_3 + r_4, (2 eps n_1 + 2 mu n_1 + n_2) e_1

     + (eps n_0 + mu n_0 + 2 n_1) e_2 + e_0 eps n_2 + n_0 e_3 + e_0 mu n_2

     - (i_0 s_2 + 2 i_1 s_1 + i_2 s_0) b, n_2,

    b i_1 r0 s_0 + (mu s_0 - Lam + s_1) n_1 + (b i_0 r0 + mu n_0) s_1 + n_0 s_2

    , -i_4 - r_4 + 118794167843248435722457808423542574429015737100359110223\
    559537854654299137785080482888216042171609903044231740080097135786706339\

    833575996350698313571213594893658743020770924887190394/

    111566012863336710537943537506373322466192751998829,

    -e_4 eps + (g + mu) i_4 + i_5, -g i_4 + mu r_4 + r_5,

    (e_0 n_3 + 3 e_1 n_2 + 3 e_2 n_1 + e_3 n_0) eps

     + (e_0 n_3 + 3 e_1 n_2 + 3 e_2 n_1 + e_3 n_0) mu

     + (-i_0 s_3 - 3 i_1 s_2 - 3 i_2 s_1 - i_3 s_0) b + n_0 e_4 + 3 e_3 n_1

     + 3 e_2 n_2 + e_1 n_3, n_3, (mu s_0 - Lam + s_1) n_2

     + (2 b i_1 r0 + 2 mu n_1) s_1 + (b i_0 r0 + mu n_0 + 2 n_1) s_2

     + b i_2 r0 s_0 + n_0 s_3, -i_5 - r_5 - 11520027377863547249657993812377\
    333891596015893130623859903740179599456323397259892274487963862490583563\
    172141854045133114885666893935520612137063930545133280248001840603390045\

    56307129760306681757050567333569376452956062863219725678692213/

    19653560657043313055794263612218559462767662910132856178638482513089,

    -e_5 eps + (g + mu) i_5 + i_6, -g i_5 + mu r_5 + r_6,

    (e_0 n_4 + 4 e_1 n_3 + 6 e_2 n_2 + 4 e_3 n_1 + e_4 n_0) eps

     + (e_0 n_4 + 4 e_1 n_3 + 6 e_2 n_2 + 4 e_3 n_1 + e_4 n_0) mu

     + (-i_0 s_4 - 4 i_1 s_3 - 6 i_2 s_2 - 4 i_3 s_1 - i_4 s_0) b + n_0 e_5

     + 4 e_4 n_1 + 6 e_3 n_2 + 4 e_2 n_3 + e_1 n_4, n_4,

    (n_0 s_3 + 3 n_1 s_2 + 3 n_2 s_1 + n_3 s_0) mu

     + b (i_0 s_3 + 3 i_1 s_2 + 3 i_2 s_1 + i_3 s_0) r0 + (s_1 - Lam) n_3

     + 3 n_1 s_3 + 3 n_2 s_2 + n_0 s_4, -i_6 - r_6 + 22343021243574996475140\
    119531442018052057510834600914209088656542565225646544254536299852974482\
    505964570407961234206783892174473479405764133745514228002151809118919149\
    624663194740001965765772972554841409270710395332873050195900124827240976\

                                                             /
    459556217793623357971553707179610557941831870879482127  /  6924374844751\
                                                           /

    953358118951277251610063281573017016025277421555299807665889757879063498,

    -e_6 eps + (g + mu) i_6 + i_7, -g i_6 + mu r_6 + r_7,

    (e_0 n_5 + 5 e_1 n_4 + 10 e_2 n_3 + 10 e_3 n_2 + 5 e_4 n_1 + e_5 n_0) eps

     + (e_0 n_5 + 5 e_1 n_4 + 10 e_2 n_3 + 10 e_3 n_2 + 5 e_4 n_1 + e_5 n_0) mu

     + (-i_0 s_5 - 5 i_1 s_4 - 10 i_2 s_3 - 10 i_3 s_2 - 5 i_4 s_1 - i_5 s_0) b

     + n_0 e_6 + 5 e_5 n_1 + 10 e_4 n_2 + 10 e_3 n_3 + 5 e_2 n_4 + e_1 n_5, n_5,

    (n_0 s_4 + 4 n_1 s_3 + 6 n_2 s_2 + 4 n_3 s_1 + n_4 s_0) mu

     + b (i_0 s_4 + 4 i_1 s_3 + 6 i_2 s_2 + 4 i_3 s_1 + i_4 s_0) r0

     + (s_1 - Lam) n_4 + n_0 s_5 + 4 n_1 s_4 + 6 n_2 s_3 + 4 n_3 s_2, -i_7

     - r_7 - 433341503380545738518800055082999883155990093303128854970913766\
    193855931801776916500366461251753224115476140844033568071460629615079993\
    628530721062267308436554104551301781366668622368294392203977779296961518\
    437710134476434783938419304292990114992718059584765270007367224690375940\

                                                                            /
    683084784832633095450271925176531490297560177614083960414870398533633  /
                                                                          /
    243960714433955362279201423246280445956389164890484901627348447573708824\

    5533528564439065392664204763236, -e_7 eps + (g + mu) i_7 + i_8,

    -g i_7 + mu r_7 + r_8, (e_0 n_6 + 6 e_1 n_5 + 15 e_2 n_4 + 20 e_3 n_3

     + 15 e_4 n_2 + 6 e_5 n_1 + e_6 n_0) eps + (e_0 n_6 + 6 e_1 n_5

     + 15 e_2 n_4 + 20 e_3 n_3 + 15 e_4 n_2 + 6 e_5 n_1 + e_6 n_0) mu + (

    -i_0 s_6 - 6 i_1 s_5 - 15 i_2 s_4 - 20 i_3 s_3 - 15 i_4 s_2 - 6 i_5 s_1

     - i_6 s_0) b + n_0 e_7 + 6 e_6 n_1 + 15 e_5 n_2 + 20 e_4 n_3 + 15 e_3 n_4

     + 6 e_2 n_5 + e_1 n_6, n_6,

    (n_0 s_5 + 5 n_1 s_4 + 10 n_2 s_3 + 10 n_3 s_2 + 5 n_4 s_1 + n_5 s_0) mu +

    b (i_0 s_5 + 5 i_1 s_4 + 10 i_2 s_3 + 10 i_3 s_2 + 5 i_4 s_1 + i_5 s_0) r0

     + (s_1 - Lam) n_5 + n_0 s_6 + 5 n_1 s_5 + 10 n_2 s_4 + 10 n_3 s_3

     + 5 n_4 s_2, -i_8 - r_8 + 105057892856651671662188100173070997381620689\
    958132229913326979165035283313541870682502163800741238851842773039665807\
    091836292073045804986420283859613699643267927980107679865335770275637405\
    263736950039123466802368772232957128744584263782431773914551916949779330\
    900212665633006800097832969737048409940972657032841236575462851432438809\

                                                                             /
    7389005444170926859516016597709068795887111834520253615675365444217804  /
                                                                           /
    107440800652629065288698664812141018824951281871319045904355297470595520\

    976998096688898759605578183034728912127353466269,

    -e_8 eps + (g + mu) i_8 + i_9, -g i_8 + mu r_8 + r_9, (e_0 n_7 + 7 e_1 n_6

     + 21 e_2 n_5 + 35 e_3 n_4 + 35 e_4 n_3 + 21 e_5 n_2 + 7 e_6 n_1 + e_7 n_0)

    eps + (e_0 n_7 + 7 e_1 n_6 + 21 e_2 n_5 + 35 e_3 n_4 + 35 e_4 n_3

     + 21 e_5 n_2 + 7 e_6 n_1 + e_7 n_0) mu + (-i_0 s_7 - 7 i_1 s_6

     - 21 i_2 s_5 - 35 i_3 s_4 - 35 i_4 s_3 - 21 i_5 s_2 - 7 i_6 s_1 - i_7 s_0)

    b + 7 e_7 n_1 + n_0 e_8 + 21 e_6 n_2 + 35 e_5 n_3 + 35 e_4 n_4 + 21 e_3 n_5

     + 7 e_2 n_6 + e_1 n_7, n_7, (n_0 s_6 + 6 n_1 s_5 + 15 n_2 s_4 + 20 n_3 s_3

                                                /
     + 15 n_4 s_2 + 6 n_5 s_1 + n_6 s_0) mu + 6 |
                                                \

              i_6 s_0   5 i_4 s_2   10 i_3 s_3   5 i_2 s_4             i_0 s_6\
    i_5 s_1 + ------- + --------- + ---------- + --------- + i_1 s_5 + -------|
                 6          2           3            2                    6   /

    b r0 + (s_1 - Lam) n_6 + n_0 s_7 + 6 n_1 s_6 + 15 n_2 s_5 + 20 n_3 s_4

     + 15 n_4 s_3 + 6 n_5 s_2, -i_9 - r_9 - 40751825580065868246965197337165\
    291531179277671536243345485532800635910739759106120174204851243904640749\
    710409325774677995194354613470032245305083852125111828525110594657507681\
    530408412720723335850944617322957797310401973301080027297818868957022702\
    472666448084340268858952274636664332345169725464451037265589046672059514\
    020515818869684866478747075425591029866656203721023016286774855018021074\

                                                                         /
    691440535048688558277242906222267199182885369607874430548086304457  /  7\
                                                                       /
    570743951401583350476706110450830926968860547665520413132019674638097300\

    9805157802612026088625712501646880206900246433652071231039096516, -n_1,

    -n_2, -n_3, -n_4, -n_5, -n_6, -n_7, - 26587360530793204834563597962739210\
    868362995625409111856232448288838550162415402026327754398072533553150163\
    001455499051917042597035299689949046081433662854697494700859678951253597\
    047861831023486699488894149494793452312160810882336228609726705277763471\
    166652892394937228750032199591347656841887949688858722868591506162861610\
    396505180356642733463084758144847444386562651349749209847020010626023351\

                 /
    5713819879  /  210583969279152967965849383031796396896904512467785329972\
               /

    53638304236722111491626951024156882693323874806866776961279388724 - s_7,

    n_0 z_aux - 1]

> vars:=[r_9, i_9, r_8, i_8, e_8, s_7, r_7, n_7, i_7, e_7, s_6, r_6, n_6, i_6, e_6, s_5, r_5, n_5, i_5, e_5, s_4, r_4, n_4, i_4, e_4, s_3, r_3, n_3, i_3, e_3, s_2, r_2, n_2, i_2, e_2, s_1, r_1, n_1, i_1, e_1, s_0, r_0, n_0, i_0, e_0, z_aux, w_aux, Lam, b, eps, g, mu, r0];
vars := [r_9, i_9, r_8, i_8, e_8, s_7, r_7, n_7, i_7, e_7, s_6, r_6, n_6, i_6,

    e_6, s_5, r_5, n_5, i_5, e_5, s_4, r_4, n_4, i_4, e_4, s_3, r_3, n_3, i_3,

    e_3, s_2, r_2, n_2, i_2, e_2, s_1, r_1, n_1, i_1, e_1, s_0, r_0, n_0, i_0,

    e_0, z_aux, w_aux, Lam, b, eps, g, mu, r0]

> gb:=CodeTools[Usage](Groebner[Basis](Et_hat, tdeg(op(vars)), characteristic=11863279), output='all');
-> MGb
 domain: mod_int_cof
F4 algorithm
prime=11863279
 deg  pairs  taken         matrix                                        found
   2    126      1         2 x 3            2.0 per row,     0.0 MB      1 new,      0 zero     0.003 sec
   3    125     72       504 x 699          3.1 per row,     0.0 MB     51 new,     21 zero     0.006 sec
   2    337     14        58 x 67           3.3 per row,     0.0 MB      0 new,     14 zero     0.000 sec
   3    323    233       738 x 597          7.3 per row,     0.0 MB      0 new,    233 zero     0.002 sec
   4     90     75      2596 x 2940         3.0 per row,     0.1 MB     75 new,      0 zero     0.021 sec
   3    715     21        55 x 120          7.5 per row,     0.0 MB     21 new,      0 zero     0.003 sec
   3    905     38       264 x 459         12.5 per row,     0.0 MB      4 new,     34 zero     0.002 sec
   3    923      5       114 x 319         18.7 per row,     0.0 MB      4 new,      1 zero     0.002 sec
   4    982    247      4194 x 5353        10.1 per row,     0.3 MB     89 new,    158 zero     0.040 sec
   3   1867     11       145 x 426         26.5 per row,     0.0 MB     10 new,      1 zero     0.003 sec
   4   1989    300      5498 x 7136        14.6 per row,     0.6 MB     88 new,    212 zero     0.039 sec
   4   2823    241      3924 x 5250        23.8 per row,     0.7 MB     63 new,    178 zero     0.029 sec
   4   3620     19      2540 x 3512        22.9 per row,     0.5 MB     19 new,      0 zero     0.013 sec
   5   3956   3804     42584 x 45037       37.7 per row,    12.4 MB   1434 new,   2371 zero     1.877 sec
   4  12418   1756     10148 x 10705      125.9 per row,     9.8 MB   1181 new,    575 zero     1.468 sec
   3  16995    300      1768 x 2025       124.0 per row,     1.7 MB     62 new,    238 zero     0.069 sec
   4  17704  13613     31499 x 19358      191.5 per row,    46.1 MB   1215 new,  12398 zero     1.264 sec
   2   2859    314       676 x 363          3.4 per row,     0.0 MB      0 new,    314 zero     0.019 sec
   3   2545   1330      2992 x 1663        76.5 per row,     1.8 MB      0 new,   1330 zero     0.011 sec
   4   1215    465      2215 x 1751        17.8 per row,     0.3 MB      0 new,    465 zero     0.008 sec
   5    750    750     11140 x 10391       80.9 per row,     6.9 MB      0 new,    750 zero     0.047 sec
reduce:                   52 x 53           2.2 per row,     0.0 MB
select:      0.334 sec   7%
symbol:      0.301 sec   6%
matrix:      0.649 sec  13%    4317 good, 81.7% zero
update:      3.643 sec  73%   23609 pair, 99.4% elim
gbasis:      4.972 sec   8%      52 polynomials
basis:      35.596
 52 polynomials, 97 terms
 total time:         4.979 sec
------------------------------
gb := Record(realtime = 4.989, cputime = 35.610, gctime = 0., gcrealtime = 0.,

    bytesused = 1121264, bytesalloc = 0, output = [r0 + 4854940, mu + 9892341,

    g + 5359089, eps + 7326823, b + 2873316, Lam + 622931, z_aux + 5924349,

    e_0 + 5564326, i_0 + 3484878, n_0 + 3811773, r_0 + 6497434, s_0 + 9917946,

    e_1 + 1131928, i_1 + 11331563, n_1, r_1 + 9818646, s_1 + 2980841,

    e_2 + 9762131, i_2 + 4020237, n_2, r_2 + 8836284, s_2 + 11376351,

    e_3 + 9439098, i_3 + 1792930, n_3, r_3 + 10253622, s_3 + 10280731,

    e_4 + 10109642, i_4 + 4938480, n_4, r_4 + 10197786, s_4 + 1024101,

    e_5 + 1634298, i_5 + 7481695, n_5, r_5 + 1966398, s_5 + 1065762,

    e_6 + 6920569, i_6 + 2210511, n_6, r_6 + 3712045, s_6 + 4545016,

    e_7 + 4310702, i_7 + 1744256, n_7, r_7 + 5296989, s_7 + 284314,

    e_8 + 7452572, i_8 + 2988597, r_8 + 4604838, i_9 + 6918586, r_9 + 2043444])

# [n, s_7] 106
# 193, [1 = 6, -b*i_0*s_6 = 1, r_8 = 1, -5*b*i_4*s_1 = 1, -672583743619608003205735997386719315297191375404399284862005994017667445427244941161324049137505786416595169468117137537056785390257618777400695282751386381614522552088495273988258708282979877760839994059180740997818507813491910898349767890387452856097820639784806692640593226320024182507082407604256102026560745713849539666692247185342594307902265811915067517312966813655997969774267190928473529737091877808819547844932965626762008664944088420952776878/13488138434980543043634373209650340054054658128242556365277485981837016587565523558235475388920637949107311726901708994587603368289389282421875 = 1, e_6*mu = 1, e_4*eps = 1, -i_4 = 1, -i_2 = 1, r_9 = 1, -i_1*g = 1, b*i_1*r0*s_4 = 1, -25641435306046750353800477622165832002297023393399633435275547906238590282422799624198544609044669495549498854999133529181502862875547810142519290915437523374497510646729566509032392053802766684675042855966806301295750525261750692314498833040366733498023568767282989152226748482791540353160307371001746722317816831543890937070213077099726630878/17362932223005520557054481660454687398733150620507495609253674540331286728543887450484051161807104502546875 = 1, -i_6*g = 1, b*i_2*r0*s_2 = 1, -e_3*eps = 1, -e_1*eps = 1, -35*b*i_4*s_3 = 1, b*i_0*r0*s_0 = 1, r_3 = 1, i_6 = 1, r_6 = 1, mu*r_4 = 1, mu*s_6 = 1, s_5*mu = 1, b*i_2*r0*s_0 = 1, i_6*g = 1, -b*i_2*s_0 = 1, b*i_0*r0*s_1 = 1, mu*e_0 = 1, -eps*e_0 = 1, -i_8 = 1, -21*b*i_2*s_5 = 1, -977548462613500843143465879500367724758787655738252336278808492219466716388031399714352979169779078665172792084114591150270554042136631854630859041218891765797905072805890886427311387093176088796507370822918389485435336753707629673998/22350854184506174030793360050592660808836235960443938910478896037351875 = 1, i_8*mu = 1, mu*r_1 = 1, i_7*g = 1, mu*s_2 = 1, -63405808321786368417672445143596906778 = 1, -10*b*i_3*s_2 = 1, e_8 = 1, b*r0*s_4*i_2 = 1, -r_7 = 1, -i_6 = 1, e_5 = 1, eps*e_0 = 1, -10*b*i_2*s_3 = 1, mu*r_3 = 1, b*i_4*r0*s_1 = 1, -r_0 = 1, b*r0*i_5*s_1 = 1, e_5*eps = 1, mu*r_0 = 1, -35*b*i_3*s_4 = 1, s_6 = 1, -b*i_4*s_0 = 1, e_7*eps = 1, -7*b*i_1*s_6 = 1, e_6*eps = 1, r_1 = 1, -e_5*eps = 1, e_7*mu = 1, mu*s_1 = 1, b*i_0*r0*s_5 = 1, i_8 = 1, -r_1 = 1, -111803530342859231157827844654710521389715391974712930250248146758300028368153011675306100171630497859853383860722201865534394/86315031878397198891983720631352225 = 1, i_5*g = 1, b*i_3*r0*s_1 = 1, i_5 = 1, b*i_0*r0*s_4 = 1, -5*b*i_1*s_4 = 1, -i_2*g = 1, mu*r_8 = 1, -15*b*i_2*s_4 = 1, b*i_1*r0*s_1 = 1, -b*i_3*s_0 = 1, -Lam = 1, i_7 = 1, b*i_1*r0*s_0 = 1, s_4 = 1, e_7 = 1, -6*b*i_1*s_5 = 1, e_1*eps = 1, i_4*mu = 1, -i_5*g = 1, mu*s_0 = 1, i_9 = 1, r_4 = 1, -3*b*i_1*s_2 = 1, -b*i_0*s_5 = 1, e_3*mu = 1, r_7 = 1, -i_3*g = 1, -3*b*i_2*s_1 = 1, b*i_5*r0*s_0 = 1, b*r0*i_6*s_0 = 1, -g*i_0 = 1, mu*s_4 = 1, i_6*mu = 1, -b*i_0*s_4 = 1, i_4 = 1, -r_5 = 1, -r_9 = 1, r_2 = 1, -e_2*eps = 1, b*r0*s_2*i_1 = 1, -i_0 = 1, -b*i_0*s_3 = 1, e_1 = 1, -6*b*i_5*s_1 = 1, -i_5 = 1, -r_4 = 1, i_2*g = 1, b*i_1*r0*s_3 = 1, -r_6 = 1, s_2 = 1, i_1*g = 1, b*r0*s_3*i_0 = 1, -r_2 = 1, mu*r_7 = 1, b*i_3*r0*s_2 = 1, -i_3 = 1, -i_1 = 1, s_3 = 1, -20*b*i_3*s_3 = 1, e_3*eps = 1, -i_9 = 1, i_3*g = 1, e_4*mu = 1, -r_8 = 1, b*r0*s_6*i_0 = 1, i_0*mu = 1, -15*b*i_4*s_2 = 1, e_1*mu = 1, i_5*mu = 1, -r_3 = 1, i_4*g = 1, i_1 = 1, b*r0*s_2*i_4 = 1, e_5*mu = 1, i_1*mu = 1, e_6 = 1, -e_4*eps = 1, mu*r_5 = 1, b*r0*s_1*i_2 = 1, -2*b*i_1*s_1 = 1, -4*b*i_3*s_1 = 1, s_3*mu = 1, e_3 = 1, i_2*mu = 1, e_4 = 1, -6*b*i_2*s_2 = 1, b*r0*i_3*s_0 = 1, -21*b*i_5*s_2 = 1, -b*i_0*s_1 = 1, g*i_0 = 1, i_7*mu = 1, b*i_0*r0*s_2 = 1, -i_4*g = 1, -e_7*eps = 1, e_2*eps = 1, b*r0*s_5*i_1 = 1, -i_7*g = 1, r_5 = 1, -b*i_7*s_0 = 1, -b*i_5*s_0 = 1, mu*r_2 = 1, -e_8*eps = 1, b*i_2*r0*s_3 = 1, -b*i_6*s_0 = 1, -i_7 = 1, b*i_4*r0*s_0 = 1, e_2 = 1, s_5 = 1, e_2*mu = 1, s_1 = 1, mu*r_6 = 1, -b*i_0*s_2 = 1, -e_6*eps = 1, i_2 = 1, -7*b*i_6*s_1 = 1, i_3 = 1, z_aux = 1, -b*i_1*s_0 = 1, -4*b*i_1*s_3 = 1, i_3*mu = 1, -i_8*g = 1, i_8*g = 1, b*r0*s_3*i_3 = 1, -b*i_0 = 1, -1 = 1, -b*i_0*s_0 = 1]
# 198, -5.233971290
# 1
# [s_7 = 1, n = 40]
# [s_7 = [3], n = [3, 3, 2, 3, 3, 2, 3, 2, 2, 3, 3, 2, 3, 2, 3, 3, 2, 3, 2, 3, 3, 2, 3, 2, 3, 3, 2, 3, 2, 3, 3, 2, 3, 2, 3, 3, 2, 3, 2, 2]]
# [s_7 = [1, 1], n = [1, 1, 1, 1, 1, 1, 1, 1, 1, 1, 1, 1, 1, 1, 1, 1, 1, 1, 1, 1, 1, 1, 1, 1, 1, 1, 1, 1, 1, 1, 1, 1, 1, 1, 1, 1, 1, 1, 1, 1]]
> quit
memory used=2.2MB, alloc=8.3MB, time=35.70
