    |\^/|     Maple 2021 (X86 64 LINUX)
._|\|   |/|_. Copyright (c) Maplesoft, a division of Waterloo Maple Inc. 2021
 \  MAPLE  /  All rights reserved. Maple is a trademark of
 <____ ____>  Waterloo Maple Inc.
      |       Type ? for help.
> infolevel[Groebner]:=10;
                           infolevel[Groebner] := 10

> Et_hat := [6748783929259698611-x1_0, b*c*x1_0+b*x1_0*x4_0+c*x1_1+x1_1*x4_0-1, -x1_1-177804584771357023493683957087779310415834083699492853033/6565535745547583838, ((c+x4_0)*b+x4_1)*x1_1+b*x1_0*x4_1+(c+x4_0)*x1_2, delta*sgm*x3_0*x4_0-gama*sgm*x2_0*x4_0+x3_0*x4_1, -x1_2+25147236079907798886300368971860382802332476224824823951582645987483935986396666110438223921520298838692053399/231403654093407332153710509082130903576315697501637358, ((c+x4_0)*x1_2+x1_0*x4_2+2*x1_1*x4_1)*b+2*x1_2*x4_1+x1_1*x4_2+(c+x4_0)*x1_3, ((delta*x3_0-gama*x2_0)*x4_1+x4_0*(delta*x3_1-gama*x2_1))*sgm+x3_0*x4_2+x3_1*x4_1, -alpha*x1_0+beta*x2_0+x2_1, delta*x3_0-gama*x2_0+x3_1, -x1_3-1632488941844565661266324041702338577306602364535021843666387401549364603590094800514552976702525692323794812073502973184808777258309711753786650107810353335794849373/3743543987909811920541332619479456269373604750195337905422103794827171178995165652436740202, ((c+x4_0)*x1_3+3*x1_1*x4_2+x4_3*x1_0+3*x1_2*x4_1)*b+3*x1_3*x4_1+x1_1*x4_3+3*x1_2*x4_2+(c+x4_0)*x1_4, ((x3_0*x4_2+2*x3_1*x4_1+x3_2*x4_0)*delta-2*(x4_1*x2_1+1/2*x4_2*x2_0+1/2*x2_2*x4_0)*gama)*sgm+x3_2*x4_1+2*x3_1*x4_2+x3_0*x4_3, -alpha*x1_1+beta*x2_1+x2_2, delta*x3_1-gama*x2_1+x3_2, -x1_4+290652486561257484797222111164406611574977794392330131254594979418665149570367419167032219795393167300371667011521421489210231402722192070825410674543873744408674634911984136579557552309339967993830532201419156812550498477/20187122288280464157072263503946155917650452417696936566299346274789697751787805142278288589322761484693987941815361231132187146, ((c+x4_0)*x1_4+4*x1_3*x4_1+6*x1_2*x4_2+4*x1_1*x4_3+x4_4*x1_0)*b+4*x1_4*x4_1+x1_1*x4_4+4*x1_2*x4_3+6*x1_3*x4_2+(c+x4_0)*x1_5, ((x3_0*x4_3+3*x3_1*x4_2+3*x3_2*x4_1+x3_3*x4_0)*delta-gama*(x2_0*x4_3+3*x2_1*x4_2+3*x2_2*x4_1+x2_3*x4_0))*sgm+x3_3*x4_1+3*x3_2*x4_2+3*x3_1*x4_3+x3_0*x4_4, -alpha*x1_2+beta*x2_2+x2_3, delta*x3_2-gama*x2_2+x3_3, -x1_5+281844653725357253373976710924310586657122172116872021600125843157675653215170120441062201780188125701609845560624881052028645821284537487798868416570305006136153437193548640900602968205320782860371158577610624283991829334786032778788469626357921187583440424758664273715879496062740244834402033/237166421963683966449399167116522885369577841884087033768430942939993519822742221820555625955541246461740860798648460478258673247587054501452027552343058438857662, ((c+x4_0)*x1_5+5*x1_4*x4_1+10*x1_3*x4_2+10*x1_2*x4_3+5*x1_1*x4_4+x4_5*x1_0)*b+5*x1_5*x4_1+x1_1*x4_5+5*x1_2*x4_4+10*x1_3*x4_3+10*x1_4*x4_2+(c+x4_0)*x1_6, ((x3_0*x4_4+4*x3_1*x4_3+6*x3_2*x4_2+4*x3_3*x4_1+x3_4*x4_0)*delta-gama*(x2_0*x4_4+4*x2_1*x4_3+6*x2_2*x4_2+4*x2_3*x4_1+x2_4*x4_0))*sgm+6*x3_2*x4_3+4*x3_3*x4_2+x3_4*x4_1+4*x3_1*x4_4+x3_0*x4_5, -alpha*x1_3+beta*x2_3+x2_4, delta*x3_3-gama*x2_3+x3_4, -x1_6-1327093847736799567996281572218853750017749841071776486996552056385155360776114447880361078984167220645913875639470014656957311196917608884924009777588898947603555300129873997538730995756869699730342626516621406099512211297230678896496371726879123667255847172133582731082599233483755298129359821748651929163562793794412073470210133031981850717697575354409589992823296073/11510314345137973894068408207489467411948340466008451791689498274551944265120203685162991366582605542339325028627361415780289413486392164741808945191994939070400473599135745806353849550785138348123534, ((c+x4_0)*x1_6+6*x1_5*x4_1+15*x1_4*x4_2+20*x1_3*x4_3+15*x1_2*x4_4+6*x1_1*x4_5+x4_6*x1_0)*b+6*x1_6*x4_1+x1_1*x4_6+6*x1_2*x4_5+15*x1_3*x4_4+20*x1_4*x4_3+15*x1_5*x4_2+(c+x4_0)*x1_7, ((x3_0*x4_5+5*x3_1*x4_4+10*x3_2*x4_3+10*x3_3*x4_2+5*x3_4*x4_1+x3_5*x4_0)*delta-gama*(x2_0*x4_5+5*x2_1*x4_4+10*x2_2*x4_3+10*x2_3*x4_2+5*x2_4*x4_1+x2_5*x4_0))*sgm+5*x3_1*x4_5+10*x3_2*x4_4+10*x3_3*x4_3+5*x3_4*x4_2+x3_5*x4_1+x3_0*x4_6, -alpha*x1_4+beta*x2_4+x2_5, delta*x3_4-gama*x2_4+x3_5, -x1_7-610517140459203470111269481008373762119163256917738059861296602793681615236915031704200919982469919743148944304240472784498115137272707395786549965302443251678322475572615954548548131407082230927135094194232011972545267269201648173227723260981949854527593163214222851278482341380955133865683174860873861174392565448920710460840164297725703351270292178968725203569790025539032976792764228267413430121282022962025006066009534525002844260086173381/20689852896282398568461413082431893070996810870029610672474427569825847058303667211049467153426603848693358866247582523668595349229892688248825592710465722737858187999067418882558152445591674705587597097376499247380224812856347386409594, ((c+x4_0)*x1_7+7*x1_6*x4_1+21*x1_5*x4_2+35*x1_4*x4_3+35*x1_3*x4_4+21*x1_2*x4_5+7*x1_1*x4_6+x4_7*x1_0)*b+7*x1_7*x4_1+x1_1*x4_7+7*x1_2*x4_6+21*x1_3*x4_5+35*x1_4*x4_4+35*x1_5*x4_3+21*x1_6*x4_2+(c+x4_0)*x1_8, ((x3_0*x4_6+6*x3_1*x4_5+15*x3_2*x4_4+20*x3_3*x4_3+15*x3_4*x4_2+6*x3_5*x4_1+x3_6*x4_0)*delta-gama*(x2_0*x4_6+6*x2_1*x4_5+15*x2_2*x4_4+20*x2_3*x4_3+15*x2_4*x4_2+6*x2_5*x4_1+x2_6*x4_0))*sgm+x3_0*x4_7+6*x3_1*x4_6+15*x3_2*x4_5+20*x3_3*x4_4+15*x3_4*x4_3+6*x3_5*x4_2+x3_6*x4_1, -alpha*x1_5+beta*x2_5+x2_6, delta*x3_5-gama*x2_5+x3_6, -x1_8+9636686959255018856575225030123689068914833111453984773272805964766344746867972159159742776071188867483464030879619855585863240360207868641843031062474331431327921557773112284989959762105369385701405018646647668066428525244656258644874682921683151738157272930975034265987976685192834850857763268577228455141059635717252107914899173168343340829109820338820371600132775625857904601035459339065990782651723758811469287601139127417661759837163520445909917585986709692076598430606065143912261863064343039899974472284662357/6562962983624659802634594209279630884015317547628449310760478270414000173046700201910997200256068043295202357373284140440619699440880116051384080132871823867312998102370366495651675504764040810256601594955392703052411155750653691248325802146778034901471078430249362040186, ((c+x4_0)*x1_8+8*x1_7*x4_1+28*x1_6*x4_2+56*x1_5*x4_3+70*x1_4*x4_4+56*x1_3*x4_5+28*x1_2*x4_6+8*x1_1*x4_7+x4_8*x1_0)*b+8*x1_8*x4_1+x1_1*x4_8+8*x1_2*x4_7+28*x1_3*x4_6+56*x1_4*x4_5+70*x1_5*x4_4+56*x1_6*x4_3+28*x1_7*x4_2+(c+x4_0)*x1_9, ((x3_0*x4_7+7*x3_1*x4_6+21*x3_2*x4_5+35*x3_3*x4_4+35*x3_4*x4_3+21*x3_5*x4_2+7*x3_6*x4_1+x3_7*x4_0)*delta-gama*(x2_0*x4_7+7*x2_1*x4_6+21*x2_2*x4_5+35*x2_3*x4_4+35*x2_4*x4_3+21*x2_5*x4_2+7*x2_6*x4_1+x2_7*x4_0))*sgm+x3_0*x4_8+7*x3_1*x4_7+21*x3_2*x4_6+35*x3_3*x4_5+35*x3_4*x4_4+21*x3_5*x4_3+7*x3_6*x4_2+x3_7*x4_1, -alpha*x1_6+beta*x2_6+x2_7, delta*x3_6-gama*x2_6+x3_7, -x1_9+42401898432796309849331054086530908054748886241344300366516993915041855925769310207900186755688041259207147382797761607402466659693097596018246431852353592090072221428497661898893612494421538667403575883416767978031085818412138223421341138708817406435884640214208828510638372602886741388077725170447477596614920750866285704086027550331961697607005921648147331662761595300873768874397757939415670278988541433561269372092827638051328691855759510053957283899072591162509954251031860908654542078455657461228043546534847853156431404730314987100187081590157538006244678412135196085632115580965385427/35390885415470336606405140723362981283804640744630184909497647919027111616082666199565632152152775692411487532241468061069863828256261633539448257053564318318014520646828654994118313766580007515771838854651059564571496647649934065762421698538704555319581290544139402166768151217323691336091836604425571786778, -283911998209508567946793884735391197022044411971574496120333449047043534753508369646715837935244494368800819939002503104955660868256334430416893943870795990922116439905588083122974690/170161090359536905479151482703611648607891125008878995701004717946689599045234802383488191-x2_4, 2222924050286896568203160542803534459008562478145445610910423758689199832142514742287642954597124186753974827227298255793483115908547478899232071422829816553783524082499823481360571254303337191209515474844049153737648326859409868259706649255675849645907512909345571375319557864121679912434424558962044072339070500633471798143146205/97022627166961622638390568365850271287554571679853786541630840293633712654758181653863665163630509916166715781265279286560366328558340477866738544140342088623589-x3_7, z_aux*x3_0*(c+x4_0)-1];
Et_hat := [6748783929259698611 - x1_0,

    b c x1_0 + b x1_0 x4_0 + c x1_1 + x1_1 x4_0 - 1,

            177804584771357023493683957087779310415834083699492853033
    -x1_1 - ---------------------------------------------------------,
                               6565535745547583838

    ((c + x4_0) b + x4_1) x1_1 + b x1_0 x4_1 + (c + x4_0) x1_2,

    delta sgm x3_0 x4_0 - gama sgm x2_0 x4_0 + x3_0 x4_1, -x1_2 + 2514723607\
    990779888630036897186038280233247622482482395158264598748393598639666611\

    0438223921520298838692053399/

    231403654093407332153710509082130903576315697501637358,

    ((c + x4_0) x1_2 + x1_0 x4_2 + 2 x1_1 x4_1) b + 2 x1_2 x4_1 + x1_1 x4_2

     + (c + x4_0) x1_3,

    ((delta x3_0 - gama x2_0) x4_1 + x4_0 (delta x3_1 - gama x2_1)) sgm

     + x3_0 x4_2 + x3_1 x4_1, -alpha x1_0 + beta x2_0 + x2_1,

    delta x3_0 - gama x2_0 + x3_1, -x1_3 - 163248894184456566126632404170233\
    857730660236453502184366638740154936460359009480051455297670252569232379\

                                                                    /
    4812073502973184808777258309711753786650107810353335794849373  /  374354\
                                                                  /
    398790981192054133261947945626937360475019533790542210379482717117899516\

    5652436740202, ((c + x4_0) x1_3 + 3 x1_1 x4_2 + x4_3 x1_0 + 3 x1_2 x4_1) b

                                                                /
     + 3 x1_3 x4_1 + x1_1 x4_3 + 3 x1_2 x4_2 + (c + x4_0) x1_4, |
                                                                \

    (x3_0 x4_2 + 2 x3_1 x4_1 + x3_2 x4_0) delta

         /            x4_2 x2_0   x2_2 x4_0\     \
     - 2 |x4_1 x2_1 + --------- + ---------| gama| sgm + x3_2 x4_1
         \                2           2    /     /

     + 2 x3_1 x4_2 + x3_0 x4_3, -alpha x1_1 + beta x2_1 + x2_2,

    delta x3_1 - gama x2_1 + x3_2, -x1_4 + 290652486561257484797222111164406\
    611574977794392330131254594979418665149570367419167032219795393167300371\
    667011521421489210231402722192070825410674543873744408674634911984136579\

                                                    /
    557552309339967993830532201419156812550498477  /  2018712228828046415707\
                                                  /
    226350394615591765045241769693656629934627478969775178780514227828858932\

    2761484693987941815361231132187146,

    ((c + x4_0) x1_4 + 4 x1_3 x4_1 + 6 x1_2 x4_2 + 4 x1_1 x4_3 + x4_4 x1_0) b

     + 4 x1_4 x4_1 + x1_1 x4_4 + 4 x1_2 x4_3 + 6 x1_3 x4_2 + (c + x4_0) x1_5, (

    (x3_0 x4_3 + 3 x3_1 x4_2 + 3 x3_2 x4_1 + x3_3 x4_0) delta

     - gama (x2_0 x4_3 + 3 x2_1 x4_2 + 3 x2_2 x4_1 + x2_3 x4_0)) sgm

     + x3_3 x4_1 + 3 x3_2 x4_2 + 3 x3_1 x4_3 + x3_0 x4_4,

    -alpha x1_2 + beta x2_2 + x2_3, delta x3_2 - gama x2_2 + x3_3, -x1_5 + 2\
    818446537253572533739767109243105866571221721168720216001258431576756532\
    151701204410622017801881257016098455606248810520286458212845374877988684\
    165703050061361534371935486409006029682053207828603711585776106242839918\
    293347860327787884696263579211875834404247586642737158794960627402448344\

            /
    02033  /  23716642196368396644939916711652288536957784188408703376843094\
          /
    293999351982274222182055562595554124646174086079864846047825867324758705\

    4501452027552343058438857662, ((c + x4_0) x1_5 + 5 x1_4 x4_1 + 10 x1_3 x4_2

     + 10 x1_2 x4_3 + 5 x1_1 x4_4 + x4_5 x1_0) b + 5 x1_5 x4_1 + x1_1 x4_5

     + 5 x1_2 x4_4 + 10 x1_3 x4_3 + 10 x1_4 x4_2 + (c + x4_0) x1_6, (

    (x3_0 x4_4 + 4 x3_1 x4_3 + 6 x3_2 x4_2 + 4 x3_3 x4_1 + x3_4 x4_0) delta

     - gama (x2_0 x4_4 + 4 x2_1 x4_3 + 6 x2_2 x4_2 + 4 x2_3 x4_1 + x2_4 x4_0))

    sgm + 6 x3_2 x4_3 + 4 x3_3 x4_2 + x3_4 x4_1 + 4 x3_1 x4_4 + x3_0 x4_5,

    -alpha x1_3 + beta x2_3 + x2_4, delta x3_3 - gama x2_3 + x3_4, -x1_6 - 1\
    327093847736799567996281572218853750017749841071776486996552056385155360\
    776114447880361078984167220645913875639470014656957311196917608884924009\
    777588898947603555300129873997538730995756869699730342626516621406099512\
    211297230678896496371726879123667255847172133582731082599233483755298129\
    359821748651929163562793794412073470210133031981850717697575354409589992\

                /
    823296073  /  1151031434513797389406840820748946741194834046600845179168\
              /
    949827455194426512020368516299136658260554233932502862736141578028941348\

    6392164741808945191994939070400473599135745806353849550785138348123534, (

    (c + x4_0) x1_6 + 6 x1_5 x4_1 + 15 x1_4 x4_2 + 20 x1_3 x4_3 + 15 x1_2 x4_4

     + 6 x1_1 x4_5 + x4_6 x1_0) b + 6 x1_6 x4_1 + x1_1 x4_6 + 6 x1_2 x4_5

     + 15 x1_3 x4_4 + 20 x1_4 x4_3 + 15 x1_5 x4_2 + (c + x4_0) x1_7, ((

    x3_0 x4_5 + 5 x3_1 x4_4 + 10 x3_2 x4_3 + 10 x3_3 x4_2 + 5 x3_4 x4_1

     + x3_5 x4_0) delta - gama (x2_0 x4_5 + 5 x2_1 x4_4 + 10 x2_2 x4_3

     + 10 x2_3 x4_2 + 5 x2_4 x4_1 + x2_5 x4_0)) sgm + 5 x3_1 x4_5

     + 10 x3_2 x4_4 + 10 x3_3 x4_3 + 5 x3_4 x4_2 + x3_5 x4_1 + x3_0 x4_6,

    -alpha x1_4 + beta x2_4 + x2_5, delta x3_4 - gama x2_4 + x3_5, -x1_7 - 6\
    105171404592034701112694810083737621191632569177380598612966027936816152\
    369150317042009199824699197431489443042404727844981151372727073957865499\
    653024432516783224755726159545485481314070822309271350941942320119725452\
    672692016481732277232609819498545275931632142228512784823413809551338656\
    831748608738611743925654489207104608401642977257033512702921789687252035\
    697900255390329767927642282674134301212820229620250060660095345250028442\

                  /
    60086173381  /  20689852896282398568461413082431893070996810870029610672\
                /
    474427569825847058303667211049467153426603848693358866247582523668595349\
    229892688248825592710465722737858187999067418882558152445591674705587597\

    097376499247380224812856347386409594, ((c + x4_0) x1_7 + 7 x1_6 x4_1

     + 21 x1_5 x4_2 + 35 x1_4 x4_3 + 35 x1_3 x4_4 + 21 x1_2 x4_5 + 7 x1_1 x4_6

     + x4_7 x1_0) b + 7 x1_7 x4_1 + x1_1 x4_7 + 7 x1_2 x4_6 + 21 x1_3 x4_5

     + 35 x1_4 x4_4 + 35 x1_5 x4_3 + 21 x1_6 x4_2 + (c + x4_0) x1_8, ((

    x3_0 x4_6 + 6 x3_1 x4_5 + 15 x3_2 x4_4 + 20 x3_3 x4_3 + 15 x3_4 x4_2

     + 6 x3_5 x4_1 + x3_6 x4_0) delta - gama (x2_0 x4_6 + 6 x2_1 x4_5

     + 15 x2_2 x4_4 + 20 x2_3 x4_3 + 15 x2_4 x4_2 + 6 x2_5 x4_1 + x2_6 x4_0))

    sgm + x3_0 x4_7 + 6 x3_1 x4_6 + 15 x3_2 x4_5 + 20 x3_3 x4_4 + 15 x3_4 x4_3

     + 6 x3_5 x4_2 + x3_6 x4_1, -alpha x1_5 + beta x2_5 + x2_6,

    delta x3_5 - gama x2_5 + x3_6, -x1_8 + 963668695925501885657522503012368\
    906891483311145398477327280596476634474686797215915974277607118886748346\
    403087961985558586324036020786864184303106247433143132792155777311228498\
    995976210536938570140501864664766806642852524465625864487468292168315173\
    815727293097503426598797668519283485085776326857722845514105963571725210\
    791489917316834334082910982033882037160013277562585790460103545933906599\
    078265172375881146928760113912741766175983716352044590991758598670969207\

                                                           /
    6598430606065143912261863064343039899974472284662357  /  656296298362465\
                                                         /
    980263459420927963088401531754762844931076047827041400017304670020191099\
    720025606804329520235737328414044061969944088011605138408013287182386731\
    299810237036649565167550476404081025660159495539270305241115575065369124\

    8325802146778034901471078430249362040186, ((c + x4_0) x1_8 + 8 x1_7 x4_1

     + 28 x1_6 x4_2 + 56 x1_5 x4_3 + 70 x1_4 x4_4 + 56 x1_3 x4_5 + 28 x1_2 x4_6

     + 8 x1_1 x4_7 + x4_8 x1_0) b + 8 x1_8 x4_1 + x1_1 x4_8 + 8 x1_2 x4_7

     + 28 x1_3 x4_6 + 56 x1_4 x4_5 + 70 x1_5 x4_4 + 56 x1_6 x4_3 + 28 x1_7 x4_2

     + (c + x4_0) x1_9, ((x3_0 x4_7 + 7 x3_1 x4_6 + 21 x3_2 x4_5 + 35 x3_3 x4_4

     + 35 x3_4 x4_3 + 21 x3_5 x4_2 + 7 x3_6 x4_1 + x3_7 x4_0) delta - gama (

    x2_0 x4_7 + 7 x2_1 x4_6 + 21 x2_2 x4_5 + 35 x2_3 x4_4 + 35 x2_4 x4_3

     + 21 x2_5 x4_2 + 7 x2_6 x4_1 + x2_7 x4_0)) sgm + x3_0 x4_8 + 7 x3_1 x4_7

     + 21 x3_2 x4_6 + 35 x3_3 x4_5 + 35 x3_4 x4_4 + 21 x3_5 x4_3 + 7 x3_6 x4_2

     + x3_7 x4_1, -alpha x1_6 + beta x2_6 + x2_7, delta x3_6 - gama x2_6 + x3_7,

    -x1_9 + 4240189843279630984933105408653090805474888624134430036651699391\
    504185592576931020790018675568804125920714738279776160740246665969309759\
    601824643185235359209007222142849766189889361249442153866740357588341676\
    797803108581841213822342134113870881740643588464021420882851063837260288\
    674138807772517044747759661492075086628570408602755033196169760700592164\
    814733166276159530087376887439775793941567027898854143356126937209282763\
    805132869185575951005395728389907259116250995425103186090865454207845565\
    746122804354653484785315643140473031498710018708159015753800624467841213\

                                /
    5196085632115580965385427  /  353908854154703366064051407233629812838046\
                              /
    407446301849094976479190271116160826661995656321521527756924114875322414\
    680610698638282562616335394482570535643183180145206468286549941183137665\
    800075157718388546510595645714966476499340657624216985387045553195812905\

    44139402166768151217323691336091836604425571786778, - 2839119982095085679\
    467938847353911970220444119715744961203334490470435347535083696467158379\
    352444943688008199390025031049556608682563344304168939438707959909221164\

                           /
    39905588083122974690  /  17016109035953690547915148270361164860789112500\
                         /

    8878995701004717946689599045234802383488191 - x2_4, 222292405028689656820\
    316054280353445900856247814544561091042375868919983214251474228764295459\
    712418675397482722729825579348311590854747889923207142282981655378352408\
    249982348136057125430333719120951547484404915373764832685940986825970664\
    925567584964590751290934557137531955786412167991243442455896204407233907\

                             /
    0500633471798143146205  /  970226271669616226383905683658502712875545716\
                           /
    798537865416308402936337126547581816538636651636305099161667157812652792\

    86560366328558340477866738544140342088623589 - x3_7,

    z_aux x3_0 (c + x4_0) - 1]

> vars:=[x1_9, x4_8, x1_8, x4_7, x3_7, x2_7, x1_7, x4_6, x3_6, x2_6, x1_6, x4_5, x3_5, x2_5, x1_5, x4_4, x3_4, x2_4, x1_4, x4_3, x3_3, x2_3, x1_3, x4_2, x3_2, x2_2, x1_2, x4_1, x3_1, x2_1, x1_1, x4_0, x3_0, x2_0, x1_0, z_aux, w_aux, alpha, b, beta, c, delta, gama, sgm];
vars := [x1_9, x4_8, x1_8, x4_7, x3_7, x2_7, x1_7, x4_6, x3_6, x2_6, x1_6, x4_5,

    x3_5, x2_5, x1_5, x4_4, x3_4, x2_4, x1_4, x4_3, x3_3, x2_3, x1_3, x4_2,

    x3_2, x2_2, x1_2, x4_1, x3_1, x2_1, x1_1, x4_0, x3_0, x2_0, x1_0, z_aux,

    w_aux, alpha, b, beta, c, delta, gama, sgm]

> gb:=CodeTools[Usage](Groebner[Basis](Et_hat, tdeg(op(vars)), characteristic=11863279), output='all');
-> MGb
 domain: mod_int_cof
F4 algorithm
prime=11863279
 deg  pairs  taken         matrix                                        found
   2     75      7        16 x 24           2.4 per row,     0.0 MB      7 new,      0 zero     0.005 sec
   2     84      1         2 x 5            3.0 per row,     0.0 MB      1 new,      0 zero     0.000 sec
   3     88     71       371 x 435          2.7 per row,     0.0 MB     45 new,     26 zero     0.014 sec
   3    291     91       238 x 247          6.5 per row,     0.0 MB     36 new,     55 zero     0.003 sec
   3    412    204       482 x 332         10.2 per row,     0.0 MB      0 new,    204 zero     0.001 sec
   4    208    200       648 x 1104         4.3 per row,     0.0 MB    144 new,     56 zero     0.035 sec
   3   1852     10        30 x 36           5.7 per row,     0.0 MB      1 new,      9 zero     0.001 sec
   4   1844   1208      4040 x 4303        14.0 per row,     0.4 MB    161 new,   1047 zero     0.065 sec
   4   4252    164      1946 x 3179        19.3 per row,     0.3 MB     16 new,    148 zero     0.012 sec
   5   4720   2693     19483 x 29147       24.1 per row,     3.6 MB    768 new,   1925 zero     0.823 sec
   5  16479   4373     28536 x 40062       65.6 per row,    14.4 MB   2001 new,   2372 zero     4.123 sec
   5  46043  19881     85145 x 89125      353.8 per row,   230.2 MB   7590 new,  12291 zero    54.710 sec
   5  98004  76035    169088 x 108819    1075.2 per row,  1387.7 MB   8583 new,  67452 zero    70.267 sec
   3  37828   2860      5082 x 2630        11.5 per row,     0.5 MB    173 new,   2687 zero     0.487 sec
   2  14551    226       533 x 344          4.3 per row,     0.0 MB     29 new,    197 zero     0.075 sec
   2  12055     55       160 x 107          3.5 per row,     0.0 MB      0 new,     55 zero     0.062 sec
   3  12000    435      1518 x 1085        27.7 per row,     0.3 MB      0 new,    435 zero     0.070 sec
   4  11565   8275     22402 x 14129      311.2 per row,    53.3 MB      0 new,   8275 zero     0.150 sec
   5   3290   3290     22611 x 19323       87.1 per row,    15.1 MB      0 new,   3290 zero     0.084 sec
reduce:                   43 x 45           2.3 per row,     0.0 MB
select:      3.895 sec   3%
symbol:      3.106 sec   2%
matrix:     37.971 sec  29%   19555 good, 83.7% zero
update:     86.018 sec  65%  120079 pair, 99.9% elim
gbasis:    131.346 sec   3%      43 polynomials
basis:    1130.750
 43 polynomials, 97 terms
 total time:       131.351 sec
------------------------------
gb := Record(realtime = 131.361, cputime = 1130.764, gctime = 0.,

    gcrealtime = 0., bytesused = 1169408, bytesalloc = 0, output = [

    sgm + 4428234, delta + 3614829 gama + 7321128, c + 1115906,

    beta + 8248450 gama + 6461517, b + 10098115,

    alpha + 5282112 gama + 11497846, z_aux + 9258448, x1_0 + 5430202,

    x2_0 + 1502382 gama + 2622558, x3_0 + 4664497, x4_0 + 6793419,

    x1_1 + 10432894, x2_1 + 4568103 gama + 3330040, x3_1 + 5953130,

    x4_1 + 7941903, x1_2 + 5207357, x2_2 + 9633024 gama + 6316282,

    x3_2 + 4990439, x4_2 + 7556687, x1_3 + 10247408,

    x2_3 + 6983863 gama + 4444419, x3_3 + 2184830, x4_3 + 8035734,

    x1_4 + 4455017, x2_4 + 1361237, x3_4 + 2117234, x4_4 + 2764959,

    x1_5 + 10014596, x2_5 + 6579132 gama + 8013819, x3_5 + 4505110,

    x4_5 + 5246189, x1_6 + 4509323, x2_6 + 11623562 gama + 5587062,

    x3_6 + 1806440, x4_6 + 3992735, x1_7 + 10708995,

    x2_7 + 3441804 gama + 1342318, x3_7 + 2661150, x4_7 + 7883310,

    x1_8 + 11267615, x4_8 + 933871, x1_9 + 4124894,

        2
    gama  + 2145081 gama + 4228444])

# [x2_4, x3_7] 28
# 274, [1 = 8, -1 = 2, x3_1*x4_5 = 1, delta*x3_2 = 1, x2_2 = 1, x3_1 = 1, x2_5 = 1, x1_3*x4_1 = 1, -gama*sgm*x2_6*x4_0 = 1, b*x1_0*x4_5 = 1, -gama = 1, x1_2*x4_7 = 1, x3_4*x4_3 = 1, x1_1*x4_0 = 1, x1_1*x4_5 = 1, delta*x3_0 = 1, delta*sgm*x3_0*x4_1 = 1, b*x1_5*x4_0 = 1, x1_7*c = 1, delta*sgm*x3_0*x4_0 = 1, -gama*sgm*x2_0*x4_0 = 1, -x1_5 = 1, b*x1_2*x4_3 = 1, x2_7 = 1, x1_2*x4_5 = 1, x2_6 = 1, -x1_9 = 1, beta*x2_6 = 1, delta*sgm*x3_3*x4_4 = 1, delta*sgm*x3_2*x4_4 = 1, x3_0*x4_3 = 1, -gama*x2_2 = 1, -21*gama*sgm*x2_5*x4_2 = 1, z_aux*x3_0*x4_0 = 1, x3_4 = 1, delta*sgm*x3_4*x4_1 = 1, x3_1*x4_4 = 1, b*c*x1_7 = 1, -7*gama*sgm*x2_6*x4_1 = 1, b*x1_1*x4_3 = 1, x3_5*x4_2 = 1, delta*x3_6 = 1, x1_3*x4_6 = 1, b*x1_6*x4_0 = 1, delta*sgm*x3_3*x4_0 = 1, x3_0*x4_5 = 1, b*x1_6*x4_2 = 1, -6*gama*sgm*x2_5*x4_1 = 1, b*x1_7*x4_0 = 1, b*x1_2*x4_6 = 1, b*x1_3*x4_4 = 1, -gama*x2_6 = 1, -35*gama*x4_3*sgm = 1, x1_3*x4_5 = 1, -gama*sgm*x2_0*x4_3 = 1, -alpha*x1_2 = 1, x1_6*x4_0 = 1, delta*sgm*x3_1*x4_4 = 1, -x1_4 = 1, -gama*x2_0 = 1, x1_1*c = 1, x1_1*x4_6 = 1, delta*sgm*x3_0*x4_3 = 1, beta*x2_3 = 1, x1_1*x4_1 = 1, delta*x4_0*sgm = 1, -gama*x2_5 = 1, b*x1_3*x4_2 = 1, -gama*sgm*x2_0*x4_6 = 1, delta*sgm*x3_0*x4_2 = 1, x1_2*c = 1, delta*sgm*x3_6*x4_0 = 1, b*c*x1_3 = 1, x1_8*c = 1, -gama*sgm*x2_7*x4_0 = 1, -x1_2 = 1, b*x1_0*x4_3 = 1, x4_1 = 1, delta*sgm*x3_4*x4_3 = 1, x3_1*x4_7 = 1, delta*sgm*x3_0*x4_7 = 1, x1_1*x4_7 = 1, x3_0*x4_7 = 1, x1_7*x4_1 = 1, x1_2*x4_3 = 1, x1_4*x4_3 = 1, x1_4*x4_5 = 1, b*x1_3*x4_0 = 1, beta*x2_5 = 1, delta*sgm*x3_3*x4_2 = 1, x1_2*x4_4 = 1, x1_1*x4_3 = 1, -4*gama*sgm*x2_3*x4_1 = 1, delta*x3_1 = 1, delta*sgm*x3_3*x4_3 = 1, b*x1_0*x4_6 = 1, x3_3*x4_2 = 1, x1_3*x4_4 = 1, delta*sgm*x3_1*x4_3 = 1, x1_1*x4_4 = 1, -x1_0 = 1, delta*sgm*x3_2*x4_3 = 1, x1_2*x4_2 = 1, x2_3 = 1, x1_9*x4_0 = 1, -15*gama*sgm*x2_2*x4_4 = 1, b*x1_7*x4_1 = 1, x3_6 = 1, b*x1_4*x4_3 = 1, -x1_6 = 1, b*x1_3*x4_5 = 1, x2_1 = 1, delta*sgm*x3_4*x4_0 = 1, x1_2*x4_0 = 1, b*x1_0*x4_1 = 1, b*x1_1*x4_0 = 1, -gama*sgm*x2_5*x4_0 = 1, b*x1_2*x4_2 = 1, b*c*x1_2 = 1, x3_2*x4_6 = 1, -20*gama*sgm*x2_3*x4_3 = 1, x3_2*x4_3 = 1, delta*sgm*x3_1*x4_1 = 1, b*c*x1_4 = 1, b*x1_2*x4_0 = 1, -x1_8 = 1, x3_6*x4_1 = 1, delta*sgm*x3_5*x4_2 = 1, x3_1*x4_3 = 1, delta*sgm*x3_1*x4_2 = 1, -6*gama*sgm*x2_1*x4_5 = 1, delta*x3_5 = 1, x1_5*x4_4 = 1, -gama*sgm*x2_0*x4_7 = 1, x1_5*x4_3 = 1, -3*gama*sgm*x2_2*x4_1 = 1, -gama*sgm*x2_0*x4_2 = 1, -alpha*x1_5 = 1, delta*sgm*x3_5*x4_1 = 1, x3_3*x4_5 = 1, b*c*x1_5 = 1, -x1_7 = 1, x1_5*x4_2 = 1, -gama*sgm*x4_0 = 1, -6*gama*sgm*x2_2*x4_2 = 1, x3_1*x4_6 = 1, b*x1_0*x4_7 = 1, -5*gama*x4_1*sgm = 1, b*x1_1*x4_2 = 1, x3_0*x4_6 = 1, x1_3*c = 1, x1_4*x4_2 = 1, -4*gama*sgm*x2_1*x4_3 = 1, x1_5*x4_0 = 1, -gama*sgm*x2_0*x4_1 = 1, b*x1_4*x4_2 = 1, x3_2*x4_2 = 1, x3_1*x4_2 = 1, x3_4*x4_2 = 1, x3_4*x4_1 = 1, x1_1*x4_2 = 1, x1_6*x4_3 = 1, x1_9*c = 1, x3_3 = 1, beta*x2_0 = 1, x3_0*x4_8 = 1, -10*gama*sgm*x2_2*x4_3 = 1, b*x1_3*x4_1 = 1, -alpha*x1_0 = 1, x1_8*x4_0 = 1, x3_0*x4_1 = 1, z_aux*x3_0*c = 1, beta = 1, b*x1_5*x4_1 = 1, -7*gama*sgm*x2_1*x4_6 = 1, b*x1_1*x4_7 = 1, b*x1_4*x4_4 = 1, x1_2*x4_6 = 1, b*x1_5*x4_2 = 1, x1_3*x4_3 = 1, b*x1_0*x4_8 = 1, delta*sgm*x3_3*x4_1 = 1, x1_3*x4_2 = 1, x1_3*x4_0 = 1, b*x1_1*x4_6 = 1, beta*x2_1 = 1, delta*sgm*x3_0*x4_4 = 1, b*x1_1*x4_1 = 1, x3_5*x4_1 = 1, b*x1_1*x4_4 = 1, x3_1*x4_1 = 1, x3_3*x4_1 = 1, delta*x3_4 = 1, x1_2*x4_1 = 1, delta*sgm*x3_0*x4_6 = 1, -gama*sgm*x2_0*x4_4 = 1, x1_5*c = 1, -3*gama*sgm*x2_1*x4_2 = 1, -2*gama*sgm*x2_1*x4_1 = 1, x1_6*x4_2 = 1, -10*gama*sgm*x2_3*x4_2 = 1, b*x1_1*x4_5 = 1, -gama*sgm*x2_1*x4_0 = 1, delta*sgm*x3_1*x4_6 = 1, b*c*x1_1 = 1, x3_5 = 1, b*c*x1_6 = 1, x3_2*x4_5 = 1, x3_2*x4_4 = 1, delta*sgm*x3_1*x4_0 = 1, -5*gama*sgm*x2_1*x4_4 = 1, x1_8*x4_1 = 1, delta*sgm*x3_4*x4_2 = 1, -alpha*x1_4 = 1, delta*x3_3 = 1, x1_4*x4_1 = 1, x1_4*c = 1, delta*sgm*x3_2*x4_5 = 1, x1_1*x4_8 = 1, -2297306029824391595558031449960236824838226366293027466419041173826341843762215900541735527866801767603403013545732635182453132747756655164101319318982108026958082169588469820070381493073453267729147075450325641089459981159602020791921907946395140784584785846618023368797774669361300450016085425238991483784644280864603264397422678950382311065320364735644717259791515081650296884698530523574109896526731969865352999328482087931660360244433160265535043429420781305291702276797676789855187147807992622446327750748035447408/25057096371042314787586416995394769810497531634114477285846862462606603393646412137465103463968037118599488732942595890093010277896028612630792511439350000488397211447982301841892582503247439994451130958922556404167066405809035641254183621142085584562898685671827461576409918515625 = 1, x3_2*x4_1 = 1, b*x1_4*x4_1 = 1, b*x1_2*x4_1 = 1, -alpha*x1_3 = 1, b*x1_0*x4_4 = 1, x3_4*x4_4 = 1, delta*sgm*x3_2*x4_1 = 1, delta*sgm*x3_6*x4_1 = 1, b*c*x1_0 = 1, b*x1_3*x4_3 = 1, -x1_3 = 1, -alpha*x1_6 = 1, -15*x4_2*gama*sgm = 1, delta*sgm*x3_2*x4_0 = 1, -21*gama*sgm*x2_2*x4_5 = 1, b*x1_4*x4_0 = 1, -gama*sgm*x2_2*x4_0 = 1, -gama*sgm*x2_3*x4_0 = 1, x1_4*x4_4 = 1, delta*sgm*x3_0*x4_5 = 1, x1_4*x4_0 = 1, b*x1_8*x4_0 = 1, beta*x2_2 = 1, -alpha*x1_1 = 1, b*x1_0*x4_0 = 1, x1_6*x4_1 = 1, b*x1_6*x4_1 = 1, b*x1_5*x4_3 = 1, -628698479548236224015748601630649329907573300944618305839/16046202655528427505 = 1, b*c*x1_8 = 1, delta*sgm*x3_2*x4_2 = 1, x3_3*x4_4 = 1, b*x1_2*x4_5 = 1, -198426303481760771902847908118347140290786563780517916406904359248859766770598661528540187913895309318170427123345915897671959050144191463885043671133466030542288187273077216640906596212743105633232030201478398934824796560247623324096266415737986735940671145470163004991855033895730908647594846954957378739129216016464753863210182792951961640463129054406605340813613371143236908506279662955974472700784746523157528291815562761151435744700452128/67141237653384923587123056390913328422680243394455544664430931317767623284230837163376721676944495007067434272873916581429167276376476037769462872117056210207404360873122534886844340631068032316439885788183283524349276571290796459682408859375 = 1, x3_3*x4_3 = 1, x1_6*c = 1, -x1_1 = 1, delta*sgm*x3_5*x4_0 = 1, x3_0*x4_4 = 1, -39807190786230863282904089587560109583540687071500568010313300634951599389674272256774589331678477686786623900529631896602061279563381105548082895728572324021930414961462/27591166081327090329279230743899663049639823818727880781844072092272973197930329551816798532625 = 1, -35*gama*sgm*x2_3*x4_4 = 1, -gama*x2_1 = 1, b*x1_0*x4_2 = 1, x1_5*x4_1 = 1, x3_5*x4_3 = 1, x1_7*x4_2 = 1, delta*sgm*x3_1*x4_5 = 1, -gama*sgm*x2_0*x4_5 = 1, x1_7*x4_0 = 1, b*x1_2*x4_4 = 1, x3_0*x4_2 = 1, -gama*x2_3 = 1, x3_6*x4_2 = 1, x3_2 = 1]
# 282, -5.577999884
# 2
# [x2_4 = 7, x3_7 = 3]
# [x2_4 = [4, 1, 4, 2, 2, 4, 4], x3_7 = [4, 2, 1]]
> quit
memory used=2.2MB, alloc=8.3MB, time=1130.84
