Bad pairs for new_logs/Tumor system
Pair [a, b, d] is not transcendence basis
Pair [a, x3_0, x3_1] is not transcendence basis
Pair [a, x3_0, x3_2] is not transcendence basis
Pair [a, x3_0, x3_3] is not transcendence basis
Pair [a, x3_0, x3_4] is not transcendence basis
Pair [a, x3_0, x3_5] is not transcendence basis
Pair [a, x3_0, x3_6] is not transcendence basis
Pair [a, x3_0, x3_7] is not transcendence basis
Pair [a, x3_0, x4_0] is not transcendence basis
Pair [a, x3_0, x4_1] is not transcendence basis
Pair [a, x3_0, x4_2] is not transcendence basis
Pair [a, x3_0, x4_3] is not transcendence basis
Pair [a, x3_0, x4_4] is not transcendence basis
Pair [a, x3_0, x4_5] is not transcendence basis
Pair [a, x3_0, x4_6] is not transcendence basis
Pair [a, x3_0, x4_7] is not transcendence basis
Pair [a, x3_1, x3_2] is not transcendence basis
Pair [a, x3_1, x3_3] is not transcendence basis
Pair [a, x3_1, x3_4] is not transcendence basis
Pair [a, x3_1, x3_5] is not transcendence basis
Pair [a, x3_1, x3_6] is not transcendence basis
Pair [a, x3_1, x3_7] is not transcendence basis
Pair [a, x3_1, x4_0] is not transcendence basis
Pair [a, x3_1, x4_1] is not transcendence basis
Pair [a, x3_1, x4_2] is not transcendence basis
Pair [a, x3_1, x4_3] is not transcendence basis
Pair [a, x3_1, x4_4] is not transcendence basis
Pair [a, x3_1, x4_5] is not transcendence basis
Pair [a, x3_1, x4_6] is not transcendence basis
Pair [a, x3_1, x4_7] is not transcendence basis
Pair [a, x3_2, x3_3] is not transcendence basis
Pair [a, x3_2, x3_4] is not transcendence basis
Pair [a, x3_2, x3_5] is not transcendence basis
Pair [a, x3_2, x3_6] is not transcendence basis
Pair [a, x3_2, x3_7] is not transcendence basis
Pair [a, x3_2, x4_0] is not transcendence basis
Pair [a, x3_2, x4_1] is not transcendence basis
Pair [a, x3_2, x4_2] is not transcendence basis
Pair [a, x3_2, x4_3] is not transcendence basis
Pair [a, x3_2, x4_4] is not transcendence basis
Pair [a, x3_2, x4_5] is not transcendence basis
Pair [a, x3_2, x4_6] is not transcendence basis
Pair [a, x3_2, x4_7] is not transcendence basis
Pair [a, x3_3, x3_4] is not transcendence basis
Pair [a, x3_3, x3_5] is not transcendence basis
Pair [a, x3_3, x3_6] is not transcendence basis
Pair [a, x3_3, x3_7] is not transcendence basis
Pair [a, x3_3, x4_0] is not transcendence basis
Pair [a, x3_3, x4_1] is not transcendence basis
Pair [a, x3_3, x4_2] is not transcendence basis
Pair [a, x3_3, x4_3] is not transcendence basis
Pair [a, x3_3, x4_4] is not transcendence basis
Pair [a, x3_3, x4_5] is not transcendence basis
Pair [a, x3_3, x4_6] is not transcendence basis
Pair [a, x3_3, x4_7] is not transcendence basis
Pair [a, x3_4, x3_5] is not transcendence basis
Pair [a, x3_4, x3_6] is not transcendence basis
Pair [a, x3_4, x3_7] is not transcendence basis
Pair [a, x3_4, x4_0] is not transcendence basis
Pair [a, x3_4, x4_1] is not transcendence basis
Pair [a, x3_4, x4_2] is not transcendence basis
Pair [a, x3_4, x4_3] is not transcendence basis
Pair [a, x3_4, x4_4] is not transcendence basis
Pair [a, x3_4, x4_5] is not transcendence basis
Pair [a, x3_4, x4_6] is not transcendence basis
Pair [a, x3_4, x4_7] is not transcendence basis
Pair [a, x3_5, x3_6] is not transcendence basis
Pair [a, x3_5, x3_7] is not transcendence basis
Pair [a, x3_5, x4_0] is not transcendence basis
Pair [a, x3_5, x4_1] is not transcendence basis
Pair [a, x3_5, x4_2] is not transcendence basis
Pair [a, x3_5, x4_3] is not transcendence basis
Pair [a, x3_5, x4_4] is not transcendence basis
Pair [a, x3_5, x4_5] is not transcendence basis
Pair [a, x3_5, x4_6] is not transcendence basis
Pair [a, x3_5, x4_7] is not transcendence basis
Pair [a, x3_6, x3_7] is not transcendence basis
Pair [a, x3_6, x4_0] is not transcendence basis
Pair [a, x3_6, x4_1] is not transcendence basis
Pair [a, x3_6, x4_2] is not transcendence basis
Pair [a, x3_6, x4_3] is not transcendence basis
Pair [a, x3_6, x4_4] is not transcendence basis
Pair [a, x3_6, x4_5] is not transcendence basis
Pair [a, x3_6, x4_6] is not transcendence basis
Pair [a, x3_6, x4_7] is not transcendence basis
Pair [a, x3_7, x4_0] is not transcendence basis
Pair [a, x3_7, x4_1] is not transcendence basis
Pair [a, x3_7, x4_2] is not transcendence basis
Pair [a, x3_7, x4_3] is not transcendence basis
Pair [a, x3_7, x4_4] is not transcendence basis
Pair [a, x3_7, x4_5] is not transcendence basis
Pair [a, x3_7, x4_6] is not transcendence basis
Pair [a, x3_7, x4_7] is not transcendence basis
Pair [a, x4_0, x4_1] is not transcendence basis
Pair [a, x4_0, x4_2] is not transcendence basis
Pair [a, x4_0, x4_3] is not transcendence basis
Pair [a, x4_0, x4_4] is not transcendence basis
Pair [a, x4_0, x4_5] is not transcendence basis
Pair [a, x4_0, x4_6] is not transcendence basis
Pair [a, x4_0, x4_7] is not transcendence basis
Pair [a, x4_1, x4_2] is not transcendence basis
Pair [a, x4_1, x4_3] is not transcendence basis
Pair [a, x4_1, x4_4] is not transcendence basis
Pair [a, x4_1, x4_5] is not transcendence basis
Pair [a, x4_1, x4_6] is not transcendence basis
Pair [a, x4_1, x4_7] is not transcendence basis
Pair [a, x4_2, x4_3] is not transcendence basis
Pair [a, x4_2, x4_4] is not transcendence basis
Pair [a, x4_2, x4_5] is not transcendence basis
Pair [a, x4_2, x4_6] is not transcendence basis
Pair [a, x4_2, x4_7] is not transcendence basis
Pair [a, x4_3, x4_4] is not transcendence basis
Pair [a, x4_3, x4_5] is not transcendence basis
Pair [a, x4_3, x4_6] is not transcendence basis
Pair [a, x4_3, x4_7] is not transcendence basis
Pair [a, x4_4, x4_5] is not transcendence basis
Pair [a, x4_4, x4_6] is not transcendence basis
Pair [a, x4_4, x4_7] is not transcendence basis
Pair [a, x4_5, x4_6] is not transcendence basis
Pair [a, x4_5, x4_7] is not transcendence basis
Pair [a, x4_6, x4_7] is not transcendence basis
Pair [b, x3_0, x4_0] is not transcendence basis
Pair [b, x3_1, x4_1] is not transcendence basis
Pair [b, x3_2, x4_2] is not transcendence basis
Pair [b, x3_3, x4_3] is not transcendence basis
Pair [b, x3_4, x4_4] is not transcendence basis
Pair [b, x3_5, x4_5] is not transcendence basis
Pair [b, x3_6, x4_6] is not transcendence basis
Pair [b, x3_7, x4_7] is not transcendence basis
Pair [d, x3_0, x4_0] is not transcendence basis
Pair [d, x3_1, x4_1] is not transcendence basis
Pair [d, x3_2, x4_2] is not transcendence basis
Pair [d, x3_3, x4_3] is not transcendence basis
Pair [d, x3_4, x4_4] is not transcendence basis
Pair [d, x3_5, x4_5] is not transcendence basis
Pair [d, x3_6, x4_6] is not transcendence basis
Pair [d, x3_7, x4_7] is not transcendence basis
Pair [x3_0, x3_1, x3_2] is not transcendence basis
Pair [x3_0, x3_1, x3_3] is not transcendence basis
Pair [x3_0, x3_1, x3_4] is not transcendence basis
Pair [x3_0, x3_1, x3_5] is not transcendence basis
Pair [x3_0, x3_1, x3_6] is not transcendence basis
Pair [x3_0, x3_1, x3_7] is not transcendence basis
Pair [x3_0, x3_1, x4_0] is not transcendence basis
Pair [x3_0, x3_1, x4_1] is not transcendence basis
Pair [x3_0, x3_1, x4_2] is not transcendence basis
Pair [x3_0, x3_1, x4_3] is not transcendence basis
Pair [x3_0, x3_1, x4_4] is not transcendence basis
Pair [x3_0, x3_1, x4_5] is not transcendence basis
Pair [x3_0, x3_1, x4_6] is not transcendence basis
Pair [x3_0, x3_1, x4_7] is not transcendence basis
Pair [x3_0, x3_2, x3_3] is not transcendence basis
Pair [x3_0, x3_2, x3_4] is not transcendence basis
Pair [x3_0, x3_2, x3_5] is not transcendence basis
Pair [x3_0, x3_2, x3_6] is not transcendence basis
Pair [x3_0, x3_2, x3_7] is not transcendence basis
Pair [x3_0, x3_2, x4_0] is not transcendence basis
Pair [x3_0, x3_2, x4_1] is not transcendence basis
Pair [x3_0, x3_2, x4_2] is not transcendence basis
Pair [x3_0, x3_2, x4_3] is not transcendence basis
Pair [x3_0, x3_2, x4_4] is not transcendence basis
Pair [x3_0, x3_2, x4_5] is not transcendence basis
Pair [x3_0, x3_2, x4_6] is not transcendence basis
Pair [x3_0, x3_2, x4_7] is not transcendence basis
Pair [x3_0, x3_3, x3_4] is not transcendence basis
Pair [x3_0, x3_3, x3_5] is not transcendence basis
Pair [x3_0, x3_3, x3_6] is not transcendence basis
Pair [x3_0, x3_3, x3_7] is not transcendence basis
Pair [x3_0, x3_3, x4_0] is not transcendence basis
Pair [x3_0, x3_3, x4_1] is not transcendence basis
Pair [x3_0, x3_3, x4_2] is not transcendence basis
Pair [x3_0, x3_3, x4_3] is not transcendence basis
Pair [x3_0, x3_3, x4_4] is not transcendence basis
Pair [x3_0, x3_3, x4_5] is not transcendence basis
Pair [x3_0, x3_3, x4_6] is not transcendence basis
Pair [x3_0, x3_3, x4_7] is not transcendence basis
Pair [x3_0, x3_4, x3_5] is not transcendence basis
Pair [x3_0, x3_4, x3_6] is not transcendence basis
Pair [x3_0, x3_4, x3_7] is not transcendence basis
Pair [x3_0, x3_4, x4_0] is not transcendence basis
Pair [x3_0, x3_4, x4_1] is not transcendence basis
Pair [x3_0, x3_4, x4_2] is not transcendence basis
Pair [x3_0, x3_4, x4_3] is not transcendence basis
Pair [x3_0, x3_4, x4_4] is not transcendence basis
Pair [x3_0, x3_4, x4_5] is not transcendence basis
Pair [x3_0, x3_4, x4_6] is not transcendence basis
Pair [x3_0, x3_4, x4_7] is not transcendence basis
Pair [x3_0, x3_5, x3_6] is not transcendence basis
Pair [x3_0, x3_5, x3_7] is not transcendence basis
Pair [x3_0, x3_5, x4_0] is not transcendence basis
Pair [x3_0, x3_5, x4_1] is not transcendence basis
Pair [x3_0, x3_5, x4_2] is not transcendence basis
Pair [x3_0, x3_5, x4_3] is not transcendence basis
Pair [x3_0, x3_5, x4_4] is not transcendence basis
Pair [x3_0, x3_5, x4_5] is not transcendence basis
Pair [x3_0, x3_5, x4_6] is not transcendence basis
Pair [x3_0, x3_5, x4_7] is not transcendence basis
Pair [x3_0, x3_6, x3_7] is not transcendence basis
Pair [x3_0, x3_6, x4_0] is not transcendence basis
Pair [x3_0, x3_6, x4_1] is not transcendence basis
Pair [x3_0, x3_6, x4_2] is not transcendence basis
Pair [x3_0, x3_6, x4_3] is not transcendence basis
Pair [x3_0, x3_6, x4_4] is not transcendence basis
Pair [x3_0, x3_6, x4_5] is not transcendence basis
Pair [x3_0, x3_6, x4_6] is not transcendence basis
Pair [x3_0, x3_6, x4_7] is not transcendence basis
Pair [x3_0, x3_7, x4_0] is not transcendence basis
Pair [x3_0, x3_7, x4_1] is not transcendence basis
Pair [x3_0, x3_7, x4_2] is not transcendence basis
Pair [x3_0, x3_7, x4_3] is not transcendence basis
Pair [x3_0, x3_7, x4_4] is not transcendence basis
Pair [x3_0, x3_7, x4_5] is not transcendence basis
Pair [x3_0, x3_7, x4_6] is not transcendence basis
Pair [x3_0, x3_7, x4_7] is not transcendence basis
Pair [x3_0, x4_0, x4_1] is not transcendence basis
Pair [x3_0, x4_0, x4_2] is not transcendence basis
Pair [x3_0, x4_0, x4_3] is not transcendence basis
Pair [x3_0, x4_0, x4_4] is not transcendence basis
Pair [x3_0, x4_0, x4_5] is not transcendence basis
Pair [x3_0, x4_0, x4_6] is not transcendence basis
Pair [x3_0, x4_0, x4_7] is not transcendence basis
Pair [x3_0, x4_1, x4_2] is not transcendence basis
Pair [x3_0, x4_1, x4_3] is not transcendence basis
Pair [x3_0, x4_1, x4_4] is not transcendence basis
Pair [x3_0, x4_1, x4_5] is not transcendence basis
Pair [x3_0, x4_1, x4_6] is not transcendence basis
Pair [x3_0, x4_1, x4_7] is not transcendence basis
Pair [x3_0, x4_2, x4_3] is not transcendence basis
Pair [x3_0, x4_2, x4_4] is not transcendence basis
Pair [x3_0, x4_2, x4_5] is not transcendence basis
Pair [x3_0, x4_2, x4_6] is not transcendence basis
Pair [x3_0, x4_2, x4_7] is not transcendence basis
Pair [x3_0, x4_3, x4_4] is not transcendence basis
Pair [x3_0, x4_3, x4_5] is not transcendence basis
Pair [x3_0, x4_3, x4_6] is not transcendence basis
Pair [x3_0, x4_3, x4_7] is not transcendence basis
Pair [x3_0, x4_4, x4_5] is not transcendence basis
Pair [x3_0, x4_4, x4_6] is not transcendence basis
Pair [x3_0, x4_4, x4_7] is not transcendence basis
Pair [x3_0, x4_5, x4_6] is not transcendence basis
Pair [x3_0, x4_5, x4_7] is not transcendence basis
Pair [x3_0, x4_6, x4_7] is not transcendence basis
Pair [x3_1, x3_2, x3_3] is not transcendence basis
Pair [x3_1, x3_2, x3_4] is not transcendence basis
Pair [x3_1, x3_2, x3_5] is not transcendence basis
Pair [x3_1, x3_2, x3_6] is not transcendence basis
Pair [x3_1, x3_2, x3_7] is not transcendence basis
Pair [x3_1, x3_2, x4_0] is not transcendence basis
Pair [x3_1, x3_2, x4_1] is not transcendence basis
Pair [x3_1, x3_2, x4_2] is not transcendence basis
Pair [x3_1, x3_2, x4_3] is not transcendence basis
Pair [x3_1, x3_2, x4_4] is not transcendence basis
Pair [x3_1, x3_2, x4_5] is not transcendence basis
Pair [x3_1, x3_2, x4_6] is not transcendence basis
Pair [x3_1, x3_2, x4_7] is not transcendence basis
Pair [x3_1, x3_3, x3_4] is not transcendence basis
Pair [x3_1, x3_3, x3_5] is not transcendence basis
Pair [x3_1, x3_3, x3_6] is not transcendence basis
Pair [x3_1, x3_3, x3_7] is not transcendence basis
Pair [x3_1, x3_3, x4_0] is not transcendence basis
Pair [x3_1, x3_3, x4_1] is not transcendence basis
Pair [x3_1, x3_3, x4_2] is not transcendence basis
Pair [x3_1, x3_3, x4_3] is not transcendence basis
Pair [x3_1, x3_3, x4_4] is not transcendence basis
Pair [x3_1, x3_3, x4_5] is not transcendence basis
Pair [x3_1, x3_3, x4_6] is not transcendence basis
Pair [x3_1, x3_3, x4_7] is not transcendence basis
Pair [x3_1, x3_4, x3_5] is not transcendence basis
Pair [x3_1, x3_4, x3_6] is not transcendence basis
Pair [x3_1, x3_4, x3_7] is not transcendence basis
Pair [x3_1, x3_4, x4_0] is not transcendence basis
Pair [x3_1, x3_4, x4_1] is not transcendence basis
Pair [x3_1, x3_4, x4_2] is not transcendence basis
Pair [x3_1, x3_4, x4_3] is not transcendence basis
Pair [x3_1, x3_4, x4_4] is not transcendence basis
Pair [x3_1, x3_4, x4_5] is not transcendence basis
Pair [x3_1, x3_4, x4_6] is not transcendence basis
Pair [x3_1, x3_4, x4_7] is not transcendence basis
Pair [x3_1, x3_5, x3_6] is not transcendence basis
Pair [x3_1, x3_5, x3_7] is not transcendence basis
Pair [x3_1, x3_5, x4_0] is not transcendence basis
Pair [x3_1, x3_5, x4_1] is not transcendence basis
Pair [x3_1, x3_5, x4_2] is not transcendence basis
Pair [x3_1, x3_5, x4_3] is not transcendence basis
Pair [x3_1, x3_5, x4_4] is not transcendence basis
Pair [x3_1, x3_5, x4_5] is not transcendence basis
Pair [x3_1, x3_5, x4_6] is not transcendence basis
Pair [x3_1, x3_5, x4_7] is not transcendence basis
Pair [x3_1, x3_6, x3_7] is not transcendence basis
Pair [x3_1, x3_6, x4_0] is not transcendence basis
Pair [x3_1, x3_6, x4_1] is not transcendence basis
Pair [x3_1, x3_6, x4_2] is not transcendence basis
Pair [x3_1, x3_6, x4_3] is not transcendence basis
Pair [x3_1, x3_6, x4_4] is not transcendence basis
Pair [x3_1, x3_6, x4_5] is not transcendence basis
Pair [x3_1, x3_6, x4_6] is not transcendence basis
Pair [x3_1, x3_6, x4_7] is not transcendence basis
Pair [x3_1, x3_7, x4_0] is not transcendence basis
Pair [x3_1, x3_7, x4_1] is not transcendence basis
Pair [x3_1, x3_7, x4_2] is not transcendence basis
Pair [x3_1, x3_7, x4_3] is not transcendence basis
Pair [x3_1, x3_7, x4_4] is not transcendence basis
Pair [x3_1, x3_7, x4_5] is not transcendence basis
Pair [x3_1, x3_7, x4_6] is not transcendence basis
Pair [x3_1, x3_7, x4_7] is not transcendence basis
Pair [x3_1, x4_0, x4_1] is not transcendence basis
Pair [x3_1, x4_0, x4_2] is not transcendence basis
Pair [x3_1, x4_0, x4_3] is not transcendence basis
Pair [x3_1, x4_0, x4_4] is not transcendence basis
Pair [x3_1, x4_0, x4_5] is not transcendence basis
Pair [x3_1, x4_0, x4_6] is not transcendence basis
Pair [x3_1, x4_0, x4_7] is not transcendence basis
Pair [x3_1, x4_1, x4_2] is not transcendence basis
Pair [x3_1, x4_1, x4_3] is not transcendence basis
Pair [x3_1, x4_1, x4_4] is not transcendence basis
Pair [x3_1, x4_1, x4_5] is not transcendence basis
Pair [x3_1, x4_1, x4_6] is not transcendence basis
Pair [x3_1, x4_1, x4_7] is not transcendence basis
Pair [x3_1, x4_2, x4_3] is not transcendence basis
Pair [x3_1, x4_2, x4_4] is not transcendence basis
Pair [x3_1, x4_2, x4_5] is not transcendence basis
Pair [x3_1, x4_2, x4_6] is not transcendence basis
Pair [x3_1, x4_2, x4_7] is not transcendence basis
Pair [x3_1, x4_3, x4_4] is not transcendence basis
Pair [x3_1, x4_3, x4_5] is not transcendence basis
Pair [x3_1, x4_3, x4_6] is not transcendence basis
Pair [x3_1, x4_3, x4_7] is not transcendence basis
Pair [x3_1, x4_4, x4_5] is not transcendence basis
Pair [x3_1, x4_4, x4_6] is not transcendence basis
Pair [x3_1, x4_4, x4_7] is not transcendence basis
Pair [x3_1, x4_5, x4_6] is not transcendence basis
Pair [x3_1, x4_5, x4_7] is not transcendence basis
Pair [x3_1, x4_6, x4_7] is not transcendence basis
Pair [x3_2, x3_3, x3_4] is not transcendence basis
Pair [x3_2, x3_3, x3_5] is not transcendence basis
Pair [x3_2, x3_3, x3_6] is not transcendence basis
Pair [x3_2, x3_3, x3_7] is not transcendence basis
Pair [x3_2, x3_3, x4_0] is not transcendence basis
Pair [x3_2, x3_3, x4_1] is not transcendence basis
Pair [x3_2, x3_3, x4_2] is not transcendence basis
Pair [x3_2, x3_3, x4_3] is not transcendence basis
Pair [x3_2, x3_3, x4_4] is not transcendence basis
Pair [x3_2, x3_3, x4_5] is not transcendence basis
Pair [x3_2, x3_3, x4_6] is not transcendence basis
Pair [x3_2, x3_3, x4_7] is not transcendence basis
Pair [x3_2, x3_4, x3_5] is not transcendence basis
Pair [x3_2, x3_4, x3_6] is not transcendence basis
Pair [x3_2, x3_4, x3_7] is not transcendence basis
Pair [x3_2, x3_4, x4_0] is not transcendence basis
Pair [x3_2, x3_4, x4_1] is not transcendence basis
Pair [x3_2, x3_4, x4_2] is not transcendence basis
Pair [x3_2, x3_4, x4_3] is not transcendence basis
Pair [x3_2, x3_4, x4_4] is not transcendence basis
Pair [x3_2, x3_4, x4_5] is not transcendence basis
Pair [x3_2, x3_4, x4_6] is not transcendence basis
Pair [x3_2, x3_4, x4_7] is not transcendence basis
Pair [x3_2, x3_5, x3_6] is not transcendence basis
Pair [x3_2, x3_5, x3_7] is not transcendence basis
Pair [x3_2, x3_5, x4_0] is not transcendence basis
Pair [x3_2, x3_5, x4_1] is not transcendence basis
Pair [x3_2, x3_5, x4_2] is not transcendence basis
Pair [x3_2, x3_5, x4_3] is not transcendence basis
Pair [x3_2, x3_5, x4_4] is not transcendence basis
Pair [x3_2, x3_5, x4_5] is not transcendence basis
Pair [x3_2, x3_5, x4_6] is not transcendence basis
Pair [x3_2, x3_5, x4_7] is not transcendence basis
Pair [x3_2, x3_6, x3_7] is not transcendence basis
Pair [x3_2, x3_6, x4_0] is not transcendence basis
Pair [x3_2, x3_6, x4_1] is not transcendence basis
Pair [x3_2, x3_6, x4_2] is not transcendence basis
Pair [x3_2, x3_6, x4_3] is not transcendence basis
Pair [x3_2, x3_6, x4_4] is not transcendence basis
Pair [x3_2, x3_6, x4_5] is not transcendence basis
Pair [x3_2, x3_6, x4_6] is not transcendence basis
Pair [x3_2, x3_6, x4_7] is not transcendence basis
Pair [x3_2, x3_7, x4_0] is not transcendence basis
Pair [x3_2, x3_7, x4_1] is not transcendence basis
Pair [x3_2, x3_7, x4_2] is not transcendence basis
Pair [x3_2, x3_7, x4_3] is not transcendence basis
Pair [x3_2, x3_7, x4_4] is not transcendence basis
Pair [x3_2, x3_7, x4_5] is not transcendence basis
Pair [x3_2, x3_7, x4_6] is not transcendence basis
Pair [x3_2, x3_7, x4_7] is not transcendence basis
Pair [x3_2, x4_0, x4_1] is not transcendence basis
Pair [x3_2, x4_0, x4_2] is not transcendence basis
Pair [x3_2, x4_0, x4_3] is not transcendence basis
Pair [x3_2, x4_0, x4_4] is not transcendence basis
Pair [x3_2, x4_0, x4_5] is not transcendence basis
Pair [x3_2, x4_0, x4_6] is not transcendence basis
Pair [x3_2, x4_0, x4_7] is not transcendence basis
Pair [x3_2, x4_1, x4_2] is not transcendence basis
Pair [x3_2, x4_1, x4_3] is not transcendence basis
Pair [x3_2, x4_1, x4_4] is not transcendence basis
Pair [x3_2, x4_1, x4_5] is not transcendence basis
Pair [x3_2, x4_1, x4_6] is not transcendence basis
Pair [x3_2, x4_1, x4_7] is not transcendence basis
Pair [x3_2, x4_2, x4_3] is not transcendence basis
Pair [x3_2, x4_2, x4_4] is not transcendence basis
Pair [x3_2, x4_2, x4_5] is not transcendence basis
Pair [x3_2, x4_2, x4_6] is not transcendence basis
Pair [x3_2, x4_2, x4_7] is not transcendence basis
Pair [x3_2, x4_3, x4_4] is not transcendence basis
Pair [x3_2, x4_3, x4_5] is not transcendence basis
Pair [x3_2, x4_3, x4_6] is not transcendence basis
Pair [x3_2, x4_3, x4_7] is not transcendence basis
Pair [x3_2, x4_4, x4_5] is not transcendence basis
Pair [x3_2, x4_4, x4_6] is not transcendence basis
Pair [x3_2, x4_4, x4_7] is not transcendence basis
Pair [x3_2, x4_5, x4_6] is not transcendence basis
Pair [x3_2, x4_5, x4_7] is not transcendence basis
Pair [x3_2, x4_6, x4_7] is not transcendence basis
Pair [x3_3, x3_4, x3_5] is not transcendence basis
Pair [x3_3, x3_4, x3_6] is not transcendence basis
Pair [x3_3, x3_4, x3_7] is not transcendence basis
Pair [x3_3, x3_4, x4_0] is not transcendence basis
Pair [x3_3, x3_4, x4_1] is not transcendence basis
Pair [x3_3, x3_4, x4_2] is not transcendence basis
Pair [x3_3, x3_4, x4_3] is not transcendence basis
Pair [x3_3, x3_4, x4_4] is not transcendence basis
Pair [x3_3, x3_4, x4_5] is not transcendence basis
Pair [x3_3, x3_4, x4_6] is not transcendence basis
Pair [x3_3, x3_4, x4_7] is not transcendence basis
Pair [x3_3, x3_5, x3_6] is not transcendence basis
Pair [x3_3, x3_5, x3_7] is not transcendence basis
Pair [x3_3, x3_5, x4_0] is not transcendence basis
Pair [x3_3, x3_5, x4_1] is not transcendence basis
Pair [x3_3, x3_5, x4_2] is not transcendence basis
Pair [x3_3, x3_5, x4_3] is not transcendence basis
Pair [x3_3, x3_5, x4_4] is not transcendence basis
Pair [x3_3, x3_5, x4_5] is not transcendence basis
Pair [x3_3, x3_5, x4_6] is not transcendence basis
Pair [x3_3, x3_5, x4_7] is not transcendence basis
Pair [x3_3, x3_6, x3_7] is not transcendence basis
Pair [x3_3, x3_6, x4_0] is not transcendence basis
Pair [x3_3, x3_6, x4_1] is not transcendence basis
Pair [x3_3, x3_6, x4_2] is not transcendence basis
Pair [x3_3, x3_6, x4_3] is not transcendence basis
Pair [x3_3, x3_6, x4_4] is not transcendence basis
Pair [x3_3, x3_6, x4_5] is not transcendence basis
Pair [x3_3, x3_6, x4_6] is not transcendence basis
Pair [x3_3, x3_6, x4_7] is not transcendence basis
Pair [x3_3, x3_7, x4_0] is not transcendence basis
Pair [x3_3, x3_7, x4_1] is not transcendence basis
Pair [x3_3, x3_7, x4_2] is not transcendence basis
Pair [x3_3, x3_7, x4_3] is not transcendence basis
Pair [x3_3, x3_7, x4_4] is not transcendence basis
Pair [x3_3, x3_7, x4_5] is not transcendence basis
Pair [x3_3, x3_7, x4_6] is not transcendence basis
Pair [x3_3, x3_7, x4_7] is not transcendence basis
Pair [x3_3, x4_0, x4_1] is not transcendence basis
Pair [x3_3, x4_0, x4_2] is not transcendence basis
Pair [x3_3, x4_0, x4_3] is not transcendence basis
Pair [x3_3, x4_0, x4_4] is not transcendence basis
Pair [x3_3, x4_0, x4_5] is not transcendence basis
Pair [x3_3, x4_0, x4_6] is not transcendence basis
Pair [x3_3, x4_0, x4_7] is not transcendence basis
Pair [x3_3, x4_1, x4_2] is not transcendence basis
Pair [x3_3, x4_1, x4_3] is not transcendence basis
Pair [x3_3, x4_1, x4_4] is not transcendence basis
Pair [x3_3, x4_1, x4_5] is not transcendence basis
Pair [x3_3, x4_1, x4_6] is not transcendence basis
Pair [x3_3, x4_1, x4_7] is not transcendence basis
Pair [x3_3, x4_2, x4_3] is not transcendence basis
Pair [x3_3, x4_2, x4_4] is not transcendence basis
Pair [x3_3, x4_2, x4_5] is not transcendence basis
Pair [x3_3, x4_2, x4_6] is not transcendence basis
Pair [x3_3, x4_2, x4_7] is not transcendence basis
Pair [x3_3, x4_3, x4_4] is not transcendence basis
Pair [x3_3, x4_3, x4_5] is not transcendence basis
Pair [x3_3, x4_3, x4_6] is not transcendence basis
Pair [x3_3, x4_3, x4_7] is not transcendence basis
Pair [x3_3, x4_4, x4_5] is not transcendence basis
Pair [x3_3, x4_4, x4_6] is not transcendence basis
Pair [x3_3, x4_4, x4_7] is not transcendence basis
Pair [x3_3, x4_5, x4_6] is not transcendence basis
Pair [x3_3, x4_5, x4_7] is not transcendence basis
Pair [x3_3, x4_6, x4_7] is not transcendence basis
Pair [x3_4, x3_5, x3_6] is not transcendence basis
Pair [x3_4, x3_5, x3_7] is not transcendence basis
Pair [x3_4, x3_5, x4_0] is not transcendence basis
Pair [x3_4, x3_5, x4_1] is not transcendence basis
Pair [x3_4, x3_5, x4_2] is not transcendence basis
Pair [x3_4, x3_5, x4_3] is not transcendence basis
Pair [x3_4, x3_5, x4_4] is not transcendence basis
Pair [x3_4, x3_5, x4_5] is not transcendence basis
Pair [x3_4, x3_5, x4_6] is not transcendence basis
Pair [x3_4, x3_5, x4_7] is not transcendence basis
Pair [x3_4, x3_6, x3_7] is not transcendence basis
Pair [x3_4, x3_6, x4_0] is not transcendence basis
Pair [x3_4, x3_6, x4_1] is not transcendence basis
Pair [x3_4, x3_6, x4_2] is not transcendence basis
Pair [x3_4, x3_6, x4_3] is not transcendence basis
Pair [x3_4, x3_6, x4_4] is not transcendence basis
Pair [x3_4, x3_6, x4_5] is not transcendence basis
Pair [x3_4, x3_6, x4_6] is not transcendence basis
Pair [x3_4, x3_6, x4_7] is not transcendence basis
Pair [x3_4, x3_7, x4_0] is not transcendence basis
Pair [x3_4, x3_7, x4_1] is not transcendence basis
Pair [x3_4, x3_7, x4_2] is not transcendence basis
Pair [x3_4, x3_7, x4_3] is not transcendence basis
Pair [x3_4, x3_7, x4_4] is not transcendence basis
Pair [x3_4, x3_7, x4_5] is not transcendence basis
Pair [x3_4, x3_7, x4_6] is not transcendence basis
Pair [x3_4, x3_7, x4_7] is not transcendence basis
Pair [x3_4, x4_0, x4_1] is not transcendence basis
Pair [x3_4, x4_0, x4_2] is not transcendence basis
Pair [x3_4, x4_0, x4_3] is not transcendence basis
Pair [x3_4, x4_0, x4_4] is not transcendence basis
Pair [x3_4, x4_0, x4_5] is not transcendence basis
Pair [x3_4, x4_0, x4_6] is not transcendence basis
Pair [x3_4, x4_0, x4_7] is not transcendence basis
Pair [x3_4, x4_1, x4_2] is not transcendence basis
Pair [x3_4, x4_1, x4_3] is not transcendence basis
Pair [x3_4, x4_1, x4_4] is not transcendence basis
Pair [x3_4, x4_1, x4_5] is not transcendence basis
Pair [x3_4, x4_1, x4_6] is not transcendence basis
Pair [x3_4, x4_1, x4_7] is not transcendence basis
Pair [x3_4, x4_2, x4_3] is not transcendence basis
Pair [x3_4, x4_2, x4_4] is not transcendence basis
Pair [x3_4, x4_2, x4_5] is not transcendence basis
Pair [x3_4, x4_2, x4_6] is not transcendence basis
Pair [x3_4, x4_2, x4_7] is not transcendence basis
Pair [x3_4, x4_3, x4_4] is not transcendence basis
Pair [x3_4, x4_3, x4_5] is not transcendence basis
Pair [x3_4, x4_3, x4_6] is not transcendence basis
Pair [x3_4, x4_3, x4_7] is not transcendence basis
Pair [x3_4, x4_4, x4_5] is not transcendence basis
Pair [x3_4, x4_4, x4_6] is not transcendence basis
Pair [x3_4, x4_4, x4_7] is not transcendence basis
Pair [x3_4, x4_5, x4_6] is not transcendence basis
Pair [x3_4, x4_5, x4_7] is not transcendence basis
Pair [x3_4, x4_6, x4_7] is not transcendence basis
Pair [x3_5, x3_6, x3_7] is not transcendence basis
Pair [x3_5, x3_6, x4_0] is not transcendence basis
Pair [x3_5, x3_6, x4_1] is not transcendence basis
Pair [x3_5, x3_6, x4_2] is not transcendence basis
Pair [x3_5, x3_6, x4_3] is not transcendence basis
Pair [x3_5, x3_6, x4_4] is not transcendence basis
Pair [x3_5, x3_6, x4_5] is not transcendence basis
Pair [x3_5, x3_6, x4_6] is not transcendence basis
Pair [x3_5, x3_6, x4_7] is not transcendence basis
Pair [x3_5, x3_7, x4_0] is not transcendence basis
Pair [x3_5, x3_7, x4_1] is not transcendence basis
Pair [x3_5, x3_7, x4_2] is not transcendence basis
Pair [x3_5, x3_7, x4_3] is not transcendence basis
Pair [x3_5, x3_7, x4_4] is not transcendence basis
Pair [x3_5, x3_7, x4_5] is not transcendence basis
Pair [x3_5, x3_7, x4_6] is not transcendence basis
Pair [x3_5, x3_7, x4_7] is not transcendence basis
Pair [x3_5, x4_0, x4_1] is not transcendence basis
Pair [x3_5, x4_0, x4_2] is not transcendence basis
Pair [x3_5, x4_0, x4_3] is not transcendence basis
Pair [x3_5, x4_0, x4_4] is not transcendence basis
Pair [x3_5, x4_0, x4_5] is not transcendence basis
Pair [x3_5, x4_0, x4_6] is not transcendence basis
Pair [x3_5, x4_0, x4_7] is not transcendence basis
Pair [x3_5, x4_1, x4_2] is not transcendence basis
Pair [x3_5, x4_1, x4_3] is not transcendence basis
Pair [x3_5, x4_1, x4_4] is not transcendence basis
Pair [x3_5, x4_1, x4_5] is not transcendence basis
Pair [x3_5, x4_1, x4_6] is not transcendence basis
Pair [x3_5, x4_1, x4_7] is not transcendence basis
Pair [x3_5, x4_2, x4_3] is not transcendence basis
Pair [x3_5, x4_2, x4_4] is not transcendence basis
Pair [x3_5, x4_2, x4_5] is not transcendence basis
Pair [x3_5, x4_2, x4_6] is not transcendence basis
Pair [x3_5, x4_2, x4_7] is not transcendence basis
Pair [x3_5, x4_3, x4_4] is not transcendence basis
Pair [x3_5, x4_3, x4_5] is not transcendence basis
Pair [x3_5, x4_3, x4_6] is not transcendence basis
Pair [x3_5, x4_3, x4_7] is not transcendence basis
Pair [x3_5, x4_4, x4_5] is not transcendence basis
Pair [x3_5, x4_4, x4_6] is not transcendence basis
Pair [x3_5, x4_4, x4_7] is not transcendence basis
Pair [x3_5, x4_5, x4_6] is not transcendence basis
Pair [x3_5, x4_5, x4_7] is not transcendence basis
Pair [x3_5, x4_6, x4_7] is not transcendence basis
Pair [x3_6, x3_7, x4_0] is not transcendence basis
Pair [x3_6, x3_7, x4_1] is not transcendence basis
Pair [x3_6, x3_7, x4_2] is not transcendence basis
Pair [x3_6, x3_7, x4_3] is not transcendence basis
Pair [x3_6, x3_7, x4_4] is not transcendence basis
Pair [x3_6, x3_7, x4_5] is not transcendence basis
Pair [x3_6, x3_7, x4_6] is not transcendence basis
Pair [x3_6, x3_7, x4_7] is not transcendence basis
Pair [x3_6, x4_0, x4_1] is not transcendence basis
Pair [x3_6, x4_0, x4_2] is not transcendence basis
Pair [x3_6, x4_0, x4_3] is not transcendence basis
Pair [x3_6, x4_0, x4_4] is not transcendence basis
Pair [x3_6, x4_0, x4_5] is not transcendence basis
Pair [x3_6, x4_0, x4_6] is not transcendence basis
Pair [x3_6, x4_0, x4_7] is not transcendence basis
Pair [x3_6, x4_1, x4_2] is not transcendence basis
Pair [x3_6, x4_1, x4_3] is not transcendence basis
Pair [x3_6, x4_1, x4_4] is not transcendence basis
Pair [x3_6, x4_1, x4_5] is not transcendence basis
Pair [x3_6, x4_1, x4_6] is not transcendence basis
Pair [x3_6, x4_1, x4_7] is not transcendence basis
Pair [x3_6, x4_2, x4_3] is not transcendence basis
Pair [x3_6, x4_2, x4_4] is not transcendence basis
Pair [x3_6, x4_2, x4_5] is not transcendence basis
Pair [x3_6, x4_2, x4_6] is not transcendence basis
Pair [x3_6, x4_2, x4_7] is not transcendence basis
Pair [x3_6, x4_3, x4_4] is not transcendence basis
Pair [x3_6, x4_3, x4_5] is not transcendence basis
Pair [x3_6, x4_3, x4_6] is not transcendence basis
Pair [x3_6, x4_3, x4_7] is not transcendence basis
Pair [x3_6, x4_4, x4_5] is not transcendence basis
Pair [x3_6, x4_4, x4_6] is not transcendence basis
Pair [x3_6, x4_4, x4_7] is not transcendence basis
Pair [x3_6, x4_5, x4_6] is not transcendence basis
Pair [x3_6, x4_5, x4_7] is not transcendence basis
Pair [x3_6, x4_6, x4_7] is not transcendence basis
Pair [x3_7, x4_0, x4_1] is not transcendence basis
Pair [x3_7, x4_0, x4_2] is not transcendence basis
Pair [x3_7, x4_0, x4_3] is not transcendence basis
Pair [x3_7, x4_0, x4_4] is not transcendence basis
Pair [x3_7, x4_0, x4_5] is not transcendence basis
Pair [x3_7, x4_0, x4_6] is not transcendence basis
Pair [x3_7, x4_0, x4_7] is not transcendence basis
Pair [x3_7, x4_1, x4_2] is not transcendence basis
Pair [x3_7, x4_1, x4_3] is not transcendence basis
Pair [x3_7, x4_1, x4_4] is not transcendence basis
Pair [x3_7, x4_1, x4_5] is not transcendence basis
Pair [x3_7, x4_1, x4_6] is not transcendence basis
Pair [x3_7, x4_1, x4_7] is not transcendence basis
Pair [x3_7, x4_2, x4_3] is not transcendence basis
Pair [x3_7, x4_2, x4_4] is not transcendence basis
Pair [x3_7, x4_2, x4_5] is not transcendence basis
Pair [x3_7, x4_2, x4_6] is not transcendence basis
Pair [x3_7, x4_2, x4_7] is not transcendence basis
Pair [x3_7, x4_3, x4_4] is not transcendence basis
Pair [x3_7, x4_3, x4_5] is not transcendence basis
Pair [x3_7, x4_3, x4_6] is not transcendence basis
Pair [x3_7, x4_3, x4_7] is not transcendence basis
Pair [x3_7, x4_4, x4_5] is not transcendence basis
Pair [x3_7, x4_4, x4_6] is not transcendence basis
Pair [x3_7, x4_4, x4_7] is not transcendence basis
Pair [x3_7, x4_5, x4_6] is not transcendence basis
Pair [x3_7, x4_5, x4_7] is not transcendence basis
Pair [x3_7, x4_6, x4_7] is not transcendence basis
Pair [x4_0, x4_1, x4_2] is not transcendence basis
Pair [x4_0, x4_1, x4_3] is not transcendence basis
Pair [x4_0, x4_1, x4_4] is not transcendence basis
Pair [x4_0, x4_1, x4_5] is not transcendence basis
Pair [x4_0, x4_1, x4_6] is not transcendence basis
Pair [x4_0, x4_1, x4_7] is not transcendence basis
Pair [x4_0, x4_2, x4_3] is not transcendence basis
Pair [x4_0, x4_2, x4_4] is not transcendence basis
Pair [x4_0, x4_2, x4_5] is not transcendence basis
Pair [x4_0, x4_2, x4_6] is not transcendence basis
Pair [x4_0, x4_2, x4_7] is not transcendence basis
Pair [x4_0, x4_3, x4_4] is not transcendence basis
Pair [x4_0, x4_3, x4_5] is not transcendence basis
Pair [x4_0, x4_3, x4_6] is not transcendence basis
Pair [x4_0, x4_3, x4_7] is not transcendence basis
Pair [x4_0, x4_4, x4_5] is not transcendence basis
Pair [x4_0, x4_4, x4_6] is not transcendence basis
Pair [x4_0, x4_4, x4_7] is not transcendence basis
Pair [x4_0, x4_5, x4_6] is not transcendence basis
Pair [x4_0, x4_5, x4_7] is not transcendence basis
Pair [x4_0, x4_6, x4_7] is not transcendence basis
Pair [x4_1, x4_2, x4_3] is not transcendence basis
Pair [x4_1, x4_2, x4_4] is not transcendence basis
Pair [x4_1, x4_2, x4_5] is not transcendence basis
Pair [x4_1, x4_2, x4_6] is not transcendence basis
Pair [x4_1, x4_2, x4_7] is not transcendence basis
Pair [x4_1, x4_3, x4_4] is not transcendence basis
Pair [x4_1, x4_3, x4_5] is not transcendence basis
Pair [x4_1, x4_3, x4_6] is not transcendence basis
Pair [x4_1, x4_3, x4_7] is not transcendence basis
Pair [x4_1, x4_4, x4_5] is not transcendence basis
Pair [x4_1, x4_4, x4_6] is not transcendence basis
Pair [x4_1, x4_4, x4_7] is not transcendence basis
Pair [x4_1, x4_5, x4_6] is not transcendence basis
Pair [x4_1, x4_5, x4_7] is not transcendence basis
Pair [x4_1, x4_6, x4_7] is not transcendence basis
Pair [x4_2, x4_3, x4_4] is not transcendence basis
Pair [x4_2, x4_3, x4_5] is not transcendence basis
Pair [x4_2, x4_3, x4_6] is not transcendence basis
Pair [x4_2, x4_3, x4_7] is not transcendence basis
Pair [x4_2, x4_4, x4_5] is not transcendence basis
Pair [x4_2, x4_4, x4_6] is not transcendence basis
Pair [x4_2, x4_4, x4_7] is not transcendence basis
Pair [x4_2, x4_5, x4_6] is not transcendence basis
Pair [x4_2, x4_5, x4_7] is not transcendence basis
Pair [x4_2, x4_6, x4_7] is not transcendence basis
Pair [x4_3, x4_4, x4_5] is not transcendence basis
Pair [x4_3, x4_4, x4_6] is not transcendence basis
Pair [x4_3, x4_4, x4_7] is not transcendence basis
Pair [x4_3, x4_5, x4_6] is not transcendence basis
Pair [x4_3, x4_5, x4_7] is not transcendence basis
Pair [x4_3, x4_6, x4_7] is not transcendence basis
Pair [x4_4, x4_5, x4_6] is not transcendence basis
Pair [x4_4, x4_5, x4_7] is not transcendence basis
Pair [x4_4, x4_6, x4_7] is not transcendence basis
Pair [x4_5, x4_6, x4_7] is not transcendence basis
