Bad pairs for new_logs/Treatment system
Pair [In_0, In_1] is not transcendence basis
Pair [In_0, In_2] is not transcendence basis
Pair [In_0, In_3] is not transcendence basis
Pair [In_0, In_4] is not transcendence basis
Pair [In_0, In_5] is not transcendence basis
Pair [In_0, In_6] is not transcendence basis
Pair [In_0, S_0] is not transcendence basis
Pair [In_0, S_1] is not transcendence basis
Pair [In_0, S_2] is not transcendence basis
Pair [In_0, S_3] is not transcendence basis
Pair [In_0, S_4] is not transcendence basis
Pair [In_0, S_5] is not transcendence basis
Pair [In_0, a] is not transcendence basis
Pair [In_0, d] is not transcendence basis
Pair [In_0, g] is not transcendence basis
Pair [In_1, In_2] is not transcendence basis
Pair [In_1, In_3] is not transcendence basis
Pair [In_1, In_4] is not transcendence basis
Pair [In_1, In_5] is not transcendence basis
Pair [In_1, In_6] is not transcendence basis
Pair [In_1, S_0] is not transcendence basis
Pair [In_1, S_1] is not transcendence basis
Pair [In_1, S_2] is not transcendence basis
Pair [In_1, S_3] is not transcendence basis
Pair [In_1, S_4] is not transcendence basis
Pair [In_1, S_5] is not transcendence basis
Pair [In_1, a] is not transcendence basis
Pair [In_1, d] is not transcendence basis
Pair [In_1, g] is not transcendence basis
Pair [In_2, In_3] is not transcendence basis
Pair [In_2, In_4] is not transcendence basis
Pair [In_2, In_5] is not transcendence basis
Pair [In_2, In_6] is not transcendence basis
Pair [In_2, S_0] is not transcendence basis
Pair [In_2, S_1] is not transcendence basis
Pair [In_2, S_2] is not transcendence basis
Pair [In_2, S_3] is not transcendence basis
Pair [In_2, S_4] is not transcendence basis
Pair [In_2, S_5] is not transcendence basis
Pair [In_2, a] is not transcendence basis
Pair [In_2, d] is not transcendence basis
Pair [In_2, g] is not transcendence basis
Pair [In_3, In_4] is not transcendence basis
Pair [In_3, In_5] is not transcendence basis
Pair [In_3, In_6] is not transcendence basis
Pair [In_3, S_0] is not transcendence basis
Pair [In_3, S_1] is not transcendence basis
Pair [In_3, S_2] is not transcendence basis
Pair [In_3, S_3] is not transcendence basis
Pair [In_3, S_4] is not transcendence basis
Pair [In_3, S_5] is not transcendence basis
Pair [In_3, a] is not transcendence basis
Pair [In_3, d] is not transcendence basis
Pair [In_3, g] is not transcendence basis
Pair [In_4, In_5] is not transcendence basis
Pair [In_4, In_6] is not transcendence basis
Pair [In_4, S_0] is not transcendence basis
Pair [In_4, S_1] is not transcendence basis
Pair [In_4, S_2] is not transcendence basis
Pair [In_4, S_3] is not transcendence basis
Pair [In_4, S_4] is not transcendence basis
Pair [In_4, S_5] is not transcendence basis
Pair [In_4, a] is not transcendence basis
Pair [In_4, d] is not transcendence basis
Pair [In_4, g] is not transcendence basis
Pair [In_5, In_6] is not transcendence basis
Pair [In_5, S_0] is not transcendence basis
Pair [In_5, S_1] is not transcendence basis
Pair [In_5, S_2] is not transcendence basis
Pair [In_5, S_3] is not transcendence basis
Pair [In_5, S_4] is not transcendence basis
Pair [In_5, S_5] is not transcendence basis
Pair [In_5, a] is not transcendence basis
Pair [In_5, d] is not transcendence basis
Pair [In_5, g] is not transcendence basis
Pair [In_6, S_0] is not transcendence basis
Pair [In_6, S_1] is not transcendence basis
Pair [In_6, S_2] is not transcendence basis
Pair [In_6, S_3] is not transcendence basis
Pair [In_6, S_4] is not transcendence basis
Pair [In_6, S_5] is not transcendence basis
Pair [In_6, a] is not transcendence basis
Pair [In_6, d] is not transcendence basis
Pair [In_6, g] is not transcendence basis
