    |\^/|     Maple 2021 (X86 64 LINUX)
._|\|   |/|_. Copyright (c) Maplesoft, a division of Waterloo Maple Inc. 2021
 \  MAPLE  /  All rights reserved. Maple is a trademark of
 <____ ____>  Waterloo Maple Inc.
      |       Type ? for help.
> read "../generate_tr_bases_with_dc.mpl":
Warning, (in IdentifiabilityODE) `degrees` is implicitly declared local
|../generate_tr_bases_with_dc.mpl:321|
Warning, (in IdentifiabilityODE) `seen` is implicitly declared local
|../generate_tr_bases_with_dc.mpl:322|
Warning, (in IdentifiabilityODE) `degree_table` is implicitly declared local
|../generate_tr_bases_with_dc.mpl:454|
Warning, (in IdentifiabilityODE) `occurrence_table` is implicitly declared local
|../generate_tr_bases_with_dc.mpl:455|

> sigma := [
> diff(s(t), t) = Lam - r0 * b * s(t) * i(t) / n - mu * s(t),
> diff(e(t), t) = b * s(t) * i(t) / n - eps * e(t) - mu * e(t),
> diff(i(t), t) = eps * e(t) - g * i(t) - mu * i(t),
> diff(r(t), t) = g * i(t) - mu * r(t),
> y1(t) = i(t) + r(t)
> ]: 

> IdentifiabilityODE(sigma, GetParameters(sigma), "new_logs/new_SEIR", sub_transc=true):

=======================================================
0. Extracting states, inputs, outputs, and parameters from the system
=======================================================

=== Input info ===
State variables:          [s(t), e(t), i(t), r(t)]
Output variables:         [y1(t)]
Input variables:          []
Parameters in equations:  [Lam, b, eps, g, mu, n, r0]
===================


=======================================================
1. Constructing the maximal polynomial system
=======================================================

=======================================================
2. Truncating the polynomial system based on the Jacobian condition
=======================================================
Bound D_1 for testing the rank of the Jacobian probabilistically:  46992000
memory used=46.9MB, alloc=44.3MB, time=0.53
memory used=81.7MB, alloc=76.3MB, time=0.81
Orders of prolongations of the outputs (beta) =  [10]
Orders of prolongations of the state variables (alpha) =  [8, 9, 10, 10]

=======================================================
3. Assessing local identifiability
=======================================================
memory used=157.3MB, alloc=76.3MB, time=1.40
    |\^/|     Maple 2021 (X86 64 LINUX)
._|\|   |/|_. Copyright (c) Maplesoft, a division of Waterloo Maple Inc. 2021
 \  MAPLE  /  All rights reserved. Maple is a trademark of
 <____ ____>  Waterloo Maple Inc.
      |       Type ? for help.
> read "../generate_tr_bases.mpl":
Warning, (in IdentifiabilityODE) `degrees` is implicitly declared local
|../generate_tr_bases.mpl:321|
Warning, (in IdentifiabilityODE) `degree_table` is implicitly declared local
|../generate_tr_bases.mpl:451|
Warning, (in IdentifiabilityODE) `occurrence_table` is implicitly declared local
|../generate_tr_bases.mpl:452|

> sigma := [
> diff(s(t), t) = Lam - r0 * b * s(t) * i(t) / n - mu * s(t),
> diff(e(t), t) = b * s(t) * i(t) / n - eps * e(t) - mu * e(t),
> diff(i(t), t) = eps * e(t) - g * i(t) - mu * i(t),
> diff(r(t), t) = g * i(t) - mu * r(t),
> y1(t) = i(t) + r(t)
> ]: 

> IdentifiabilityODE(sigma, GetParameters(sigma), "new_logs/new_SEIR", sub_transc=true):

=======================================================
0. Extracting states, inputs, outputs, and parameters from the system
=======================================================

=== Input info ===
State variables:          [s(t), e(t), i(t), r(t)]
Output variables:         [y1(t)]
Input variables:          []
Parameters in equations:  [Lam, b, eps, g, mu, n, r0]
===================


=======================================================
1. Constructing the maximal polynomial system
=======================================================

=======================================================
2. Truncating the polynomial system based on the Jacobian condition
=======================================================
Bound D_1 for testing the rank of the Jacobian probabilistically:  46992000
memory used=46.7MB, alloc=44.3MB, time=0.52
memory used=52.4MB, alloc=76.3MB, time=0.61
Orders of prolongations of the outputs (beta) =  [10]
Orders of prolongations of the state variables (alpha) =  [8, 9, 10, 10]

=======================================================
3. Assessing local identifiability
=======================================================
memory used=103.9MB, alloc=108.3MB, time=1.04
memory used=209.4MB, alloc=116.3MB, time=1.68
Locally identifiable paramters:  [eps, g, mu, e(0), i(0), r(0)]
Nonidentifiable parameter:  [Lam, b, n, r0, s(0)]
Number of transcendence basis choices before "filtering": 703
Number of transcendence basis choices after "filtering": 66

=======================================================
Creating Truncated system (old)
=======================================================
Bound D_2 for assessing global identifiability:  8217078174000000000
Random sample for the outputs and inputs is generated from  [Lam = 2963356957268378763, b = 619058685141801590, eps = 1580867117942498886, g = 411644141385702743, mu = 6868284626779504715, n = 2627147969916251718, r0 = 2218234744072137575, s_0 = 5062717584771893687, e_0 = 2741399110770470078, i_0 = 7861808648171386964, r_0 = 708736280256607212]
The polynomial system widehat{E^t} contains  43 equations in  44  variables
Algebraically independent parameters (candidates) [Lam, b]

=======================================================
Substituting transcendence basis.
=======================================================
Algebraically independent parameters among nonidentifiable: {Lam, b}
Algebraically independent parameters among derivatives: {}
	Adding ODEs: [diff(Lam(t),t) = 0, diff(b(t),t) = 0]
	Adding output functions: [y_faux1(t) = Lam(t), y_faux2(t) = b(t)]
	New system: [diff(Lam(t),t) = 0, diff(b(t),t) = 0, diff(s(t),t) = Lam(t)-r0*b(t)*s(t)*i(t)/n-mu*s(t), diff(e(t),t) = b(t)*s(t)*i(t)/n-eps*e(t)-mu*e(t), diff(i(t),t) = eps*e(t)-g*i(t)-mu*i(t), diff(r(t),t) = g*i(t)-mu*r(t), y1(t) = i(t)+r(t), y_faux1(t) = Lam(t), y_faux2(t) = b(t)]

=== Input info ===
State variables:          [Lam(t), b(t), s(t), e(t), i(t), r(t)]
Output variables:         [y1(t), y_faux1(t), y_faux2(t)]
Input variables:          []
Parameters in equations:  [eps, g, mu, n, r0]
===================

memory used=305.5MB, alloc=112.3MB, time=2.41
memory used=381.7MB, alloc=112.3MB, time=3.15
memory used=470.0MB, alloc=112.3MB, time=3.81
memory used=557.2MB, alloc=112.3MB, time=4.46
memory used=644.2MB, alloc=112.3MB, time=5.14
memory used=731.5MB, alloc=112.3MB, time=5.77
memory used=818.1MB, alloc=112.3MB, time=6.42
memory used=905.2MB, alloc=112.3MB, time=7.07

=======================================================
4. Randomizing the truncated system
=======================================================
Bound D_2 for assessing global identifiability:  15064643320000000000
Random sample for the outputs and inputs is generated from  [eps = 12471769222320271790, g = 9732881668435811497, mu = 11960963734044685838, n = 5060899220033867707, r0 = 3650100804271092834, Lam_0 = 13488905420195677984, b_0 = 10555865505148926449, s_0 = 8036175575357161774, e_0 = 682651677318703553, i_0 = 6610826451741283404, r_0 = 3033250805401997209]
The polynomial system widehat{E^t} contains  71 equations in  57  variables
           "new_logs/new_SEIR/transcendence_1_entropy_heuristic.mpl"

Algebraically independent parameters (candidates) [Lam, n]

=======================================================
Substituting transcendence basis.
=======================================================
Algebraically independent parameters among nonidentifiable: {Lam, n}
Algebraically independent parameters among derivatives: {}
	Adding ODEs: [diff(Lam(t),t) = 0, diff(n(t),t) = 0]
	Adding output functions: [y_faux1(t) = Lam(t), y_faux2(t) = n(t)]
	New system: [diff(Lam(t),t) = 0, diff(n(t),t) = 0, diff(s(t),t) = Lam(t)-r0*b*s(t)*i(t)/n(t)-mu*s(t), diff(e(t),t) = b*s(t)*i(t)/n(t)-eps*e(t)-mu*e(t), diff(i(t),t) = eps*e(t)-g*i(t)-mu*i(t), diff(r(t),t) = g*i(t)-mu*r(t), y1(t) = i(t)+r(t), y_faux1(t) = Lam(t), y_faux2(t) = n(t)]

=== Input info ===
State variables:          [Lam(t), n(t), s(t), e(t), i(t), r(t)]
Output variables:         [y1(t), y_faux1(t), y_faux2(t)]
Input variables:          []
Parameters in equations:  [b, eps, g, mu, r0]
===================

memory used=993.4MB, alloc=112.3MB, time=7.85
memory used=1080.6MB, alloc=112.3MB, time=8.59
memory used=1170.0MB, alloc=112.3MB, time=9.28
memory used=1257.1MB, alloc=112.3MB, time=9.93
memory used=1343.4MB, alloc=112.3MB, time=10.60
memory used=1430.7MB, alloc=112.3MB, time=11.26
memory used=1518.5MB, alloc=112.3MB, time=11.92
memory used=1606.4MB, alloc=112.3MB, time=12.57

=======================================================
4. Randomizing the truncated system
=======================================================
Bound D_2 for assessing global identifiability:  15064643320000000000
Random sample for the outputs and inputs is generated from  [b = 12581367040177765051, eps = 14932608431780357130, g = 908151210156241018, mu = 14461695477507129412, r0 = 11118114064176471093, Lam_0 = 12780455221871747468, n_0 = 13560801908509022506, s_0 = 17831243141408241, e_0 = 9753505426433568233, i_0 = 7090414910796393027, r_0 = 11168570969302864984]
The polynomial system widehat{E^t} contains  71 equations in  57  variables
           "new_logs/new_SEIR/transcendence_2_entropy_heuristic.mpl"

Algebraically independent parameters (candidates) [Lam, r0]

=======================================================
Substituting transcendence basis.
=======================================================
Algebraically independent parameters (candidates) [Lam, s(0)]

=======================================================
Substituting transcendence basis.
=======================================================
Algebraically independent parameters (candidates) [Lam, s_1]

=======================================================
Substituting transcendence basis.
=======================================================
Algebraically independent parameters (candidates) [Lam, s_2]

=======================================================
Substituting transcendence basis.
=======================================================
Algebraically independent parameters (candidates) [Lam, s_3]

=======================================================
Substituting transcendence basis.
=======================================================
Algebraically independent parameters (candidates) [Lam, s_4]

=======================================================
Substituting transcendence basis.
=======================================================
Algebraically independent parameters (candidates) [Lam, s_5]

=======================================================
Substituting transcendence basis.
=======================================================
Algebraically independent parameters (candidates) [Lam, s_6]

=======================================================
Substituting transcendence basis.
=======================================================
memory used=1702.5MB, alloc=112.3MB, time=13.44
Algebraically independent parameters (candidates) [Lam, s_7]

=======================================================
Substituting transcendence basis.
=======================================================
Algebraically independent parameters (candidates) [b, n]

=======================================================
Substituting transcendence basis.
=======================================================
Algebraically independent parameters among nonidentifiable: {b, n}
Algebraically independent parameters among derivatives: {}
	Adding ODEs: [diff(b(t),t) = 0, diff(n(t),t) = 0]
	Adding output functions: [y_faux1(t) = b(t), y_faux2(t) = n(t)]
	New system: [diff(b(t),t) = 0, diff(n(t),t) = 0, diff(s(t),t) = Lam-r0*b(t)*s(t)*i(t)/n(t)-mu*s(t), diff(e(t),t) = b(t)*s(t)*i(t)/n(t)-eps*e(t)-mu*e(t), diff(i(t),t) = eps*e(t)-g*i(t)-mu*i(t), diff(r(t),t) = g*i(t)-mu*r(t), y1(t) = i(t)+r(t), y_faux1(t) = b(t), y_faux2(t) = n(t)]

=== Input info ===
State variables:          [b(t), n(t), s(t), e(t), i(t), r(t)]
Output variables:         [y1(t), y_faux1(t), y_faux2(t)]
Input variables:          []
Parameters in equations:  [Lam, eps, g, mu, r0]
===================

memory used=1775.3MB, alloc=112.3MB, time=14.19
memory used=1861.1MB, alloc=112.3MB, time=14.94
memory used=1955.0MB, alloc=112.3MB, time=15.62
memory used=2043.0MB, alloc=112.3MB, time=16.29
Interrupted
> quit;
memory used=2081.6MB, alloc=112.3MB, time=16.56
    |\^/|     Maple 2021 (X86 64 LINUX)
._|\|   |/|_. Copyright (c) Maplesoft, a division of Waterloo Maple Inc. 2021
 \  MAPLE  /  All rights reserved. Maple is a trademark of
 <____ ____>  Waterloo Maple Inc.
      |       Type ? for help.
> read "../generate_tr_bases.mpl":
Warning, (in IdentifiabilityODE) `degrees` is implicitly declared local
|../generate_tr_bases.mpl:321|
Warning, (in IdentifiabilityODE) `degree_table` is implicitly declared local
|../generate_tr_bases.mpl:451|
Warning, (in IdentifiabilityODE) `occurrence_table` is implicitly declared local
|../generate_tr_bases.mpl:452|

> sigma := [
> diff(s(t), t) = Lam - r0 * b * s(t) * i(t) / n - mu * s(t),
> diff(e(t), t) = b * s(t) * i(t) / n - eps * e(t) - mu * e(t),
> diff(i(t), t) = eps * e(t) - g * i(t) - mu * i(t),
> diff(r(t), t) = g * i(t) - mu * r(t),
> y1(t) = i(t) + r(t)
> ]: 

> IdentifiabilityODE(sigma, GetParameters(sigma), "new_logs/new_SEIR", sub_transc=true):

=======================================================
0. Extracting states, inputs, outputs, and parameters from the system
=======================================================

=== Input info ===
State variables:          [s(t), e(t), i(t), r(t)]
Output variables:         [y1(t)]
Input variables:          []
Parameters in equations:  [Lam, b, eps, g, mu, n, r0]
===================


=======================================================
1. Constructing the maximal polynomial system
=======================================================

=======================================================
2. Truncating the polynomial system based on the Jacobian condition
=======================================================
Bound D_1 for testing the rank of the Jacobian probabilistically:  46992000
memory used=46.8MB, alloc=44.3MB, time=0.50
memory used=52.2MB, alloc=76.3MB, time=0.61
Orders of prolongations of the outputs (beta) =  [10]
Orders of prolongations of the state variables (alpha) =  [8, 9, 10, 10]

=======================================================
3. Assessing local identifiability
=======================================================
memory used=103.4MB, alloc=108.3MB, time=1.04
memory used=208.4MB, alloc=116.3MB, time=1.67
Locally identifiable paramters:  [eps, g, mu, e(0), i(0), r(0)]
Nonidentifiable parameter:  [Lam, b, n, r0, s(0)]
Number of transcendence basis choices before "filtering": 703
Number of transcendence basis choices after "filtering": 66

=======================================================
Creating Truncated system (old)
=======================================================
Bound D_2 for assessing global identifiability:  8217078174000000000
Random sample for the outputs and inputs is generated from  [Lam = 4676899344645848129, b = 3778827670360082131, eps = 149735906460629968, g = 1350367833779985192, mu = 8087046534605497787, n = 7302117604772458718, r0 = 7662989981600483517, s_0 = 4010785036995930704, e_0 = 4214383779971982454, i_0 = 7632167794864237458, r_0 = 6521232525331657639]
The polynomial system widehat{E^t} contains  43 equations in  44  variables
Algebraically independent parameters (candidates) [Lam, b]

=======================================================
Substituting transcendence basis.
=======================================================
Algebraically independent parameters among nonidentifiable: {Lam, b}
Algebraically independent parameters among derivatives: {}
	Adding ODEs: [diff(Lam(t),t) = 0, diff(b(t),t) = 0]
	Adding output functions: [y_faux1(t) = Lam(t), y_faux2(t) = b(t)]
	New system: [diff(Lam(t),t) = 0, diff(b(t),t) = 0, diff(s(t),t) = Lam(t)-r0*b(t)*s(t)*i(t)/n-mu*s(t), diff(e(t),t) = b(t)*s(t)*i(t)/n-eps*e(t)-mu*e(t), diff(i(t),t) = eps*e(t)-g*i(t)-mu*i(t), diff(r(t),t) = g*i(t)-mu*r(t), y1(t) = i(t)+r(t), y_faux1(t) = Lam(t), y_faux2(t) = b(t)]

=== Input info ===
State variables:          [Lam(t), b(t), s(t), e(t), i(t), r(t)]
Output variables:         [y1(t), y_faux1(t), y_faux2(t)]
Input variables:          []
Parameters in equations:  [eps, g, mu, n, r0]
===================

memory used=302.8MB, alloc=112.3MB, time=2.42
memory used=379.8MB, alloc=112.3MB, time=3.23
memory used=468.2MB, alloc=112.3MB, time=3.90
memory used=555.2MB, alloc=112.3MB, time=4.57
memory used=642.8MB, alloc=112.3MB, time=5.23
memory used=730.1MB, alloc=112.3MB, time=5.90
memory used=816.0MB, alloc=112.3MB, time=6.59
memory used=902.9MB, alloc=112.3MB, time=7.29
