    |\^/|     Maple 2021 (X86 64 LINUX)
._|\|   |/|_. Copyright (c) Maplesoft, a division of Waterloo Maple Inc. 2021
 \  MAPLE  /  All rights reserved. Maple is a trademark of
 <____ ____>  Waterloo Maple Inc.
      |       Type ? for help.
# read "../IdentifiabilityODE.mpl";
> read "../generate_tr_bases.mpl";
Warning, (in IdentifiabilityODE) `degrees` is implicitly declared local
|../generate_tr_bases.mpl:321|
Warning, (in IdentifiabilityODE) `degree_table` is implicitly declared local
|../generate_tr_bases.mpl:451|
Warning, (in IdentifiabilityODE) `occurrence_table` is implicitly declared local
|../generate_tr_bases.mpl:452|

> sigma := [
> diff(S(t), t) = -b*S(t)*Ninv*A(t)*q - b*S(t)*Ninv*II(t) - b*S(t)*Ninv*J(t),
> diff(A(t), t) = -E(t)*k*r + E(t)*k - A(t)*g1,
> diff(E(t), t) = b*S(t)*Ninv*A(t)*q + b*S(t)*Ninv*II(t) + b*S(t)*Ninv*J(t) - E(t)*k,
> diff(C(t), t) = alpha*II(t),
> diff(J(t), t) = alpha*II(t) - g2*J(t),
> diff(II(t), t) = -alpha*II(t) + E(t)*k*r - g1*II(t),
# y2(t) = Ninv,
> y(t) = C(t)
> ];

# IdentifiabilityODE(sys, GetParameters(sys), substitute_tr_basis=true):
> IdentifiabilityODE(sigma, GetParameters(sigma), "new_logs/SEIAJRC", sub_transc=true):
Interrupted

> quit;
memory used=18.6MB, alloc=47.3MB, time=0.21
