entropies.mpl
elapsed,user+system,memory
0.20,=0.08+0.06,19116000

transcendence_10_entropy_heuristic.mpl
maple: fatal error, lost connection to kernel


elapsed,user+system,memory
1281.76,=0.12+0.17,6752000

transcendence_11_entropy_heuristic.mpl
maple: fatal error, lost connection to kernel


elapsed,user+system,memory
12785.29,=0.51+1.19,6748000

transcendence_12_entropy_heuristic.mpl
maple: fatal error, lost connection to kernel


elapsed,user+system,memory
1161.65,=0.09+0.18,6748000

transcendence_13_entropy_heuristic.mpl
maple: fatal error, lost connection to kernel


elapsed,user+system,memory
1105.08,=0.08+0.20,6756000

transcendence_14_entropy_heuristic.mpl
maple: fatal error, lost connection to kernel


elapsed,user+system,memory
141028.71,=3.74+10.98,6752000

transcendence_15_entropy_heuristic.mpl
maple: fatal error, lost connection to kernel


elapsed,user+system,memory
1215.77,=0.13+0.19,6740000

transcendence_16_entropy_heuristic.mpl
maple: fatal error, lost connection to kernel


elapsed,user+system,memory
1258.69,=0.11+0.23,6744000

transcendence_17_entropy_heuristic.mpl
maple: fatal error, lost connection to kernel


elapsed,user+system,memory
2556.10,=0.16+0.31,6748000

transcendence_18_entropy_heuristic.mpl
maple: fatal error, lost connection to kernel


elapsed,user+system,memory
1130.27,=0.10+0.21,6748000

transcendence_19_entropy_heuristic.mpl
maple: fatal error, lost connection to kernel


elapsed,user+system,memory
1530.99,=0.12+0.24,6744000

transcendence_1_entropy_heuristic.mpl
maple: fatal error, lost connection to kernel


elapsed,user+system,memory
1077.67,=0.09+0.19,6748000

transcendence_20_entropy_heuristic.mpl
maple: fatal error, lost connection to kernel


elapsed,user+system,memory
2481.84,=0.15+0.32,6752000

transcendence_21_entropy_heuristic.mpl
maple: fatal error, lost connection to kernel


elapsed,user+system,memory
760.20,=0.07+0.15,6684000

transcendence_22_entropy_heuristic.mpl
maple: fatal error, lost connection to kernel


elapsed,user+system,memory
1185.11,=0.11+0.16,6680000

transcendence_23_entropy_heuristic.mpl
maple: fatal error, lost connection to kernel


elapsed,user+system,memory
3142.38,=0.17+0.49,6752000

transcendence_24_entropy_heuristic.mpl
maple: fatal error, lost connection to kernel


elapsed,user+system,memory
20.10,=0.03+0.03,6744000

transcendence_25_entropy_heuristic.mpl
maple: fatal error, lost connection to kernel


elapsed,user+system,memory
47.57,=0.03+0.03,6752000

transcendence_26_entropy_heuristic.mpl
maple: fatal error, lost connection to kernel


elapsed,user+system,memory
6.51,=0.04+0.02,6744000

transcendence_27_entropy_heuristic.mpl
maple: fatal error, lost connection to kernel


elapsed,user+system,memory
22.05,=0.03+0.03,6748000

transcendence_28_entropy_heuristic.mpl
maple: fatal error, lost connection to kernel


elapsed,user+system,memory
15.65,=0.04+0.02,6748000

transcendence_29_entropy_heuristic.mpl
maple: fatal error, lost connection to kernel


elapsed,user+system,memory
16.99,=0.03+0.02,6756000

transcendence_2_entropy_heuristic.mpl
maple: fatal error, lost connection to kernel


elapsed,user+system,memory
40.35,=0.04+0.02,6744000

transcendence_30_entropy_heuristic.mpl
maple: fatal error, lost connection to kernel


elapsed,user+system,memory
9.10,=0.03+0.02,6752000

transcendence_31_entropy_heuristic.mpl
maple: fatal error, lost connection to kernel


elapsed,user+system,memory
10.58,=0.04+0.02,6756000

transcendence_32_entropy_heuristic.mpl
maple: fatal error, lost connection to kernel


elapsed,user+system,memory
1892.05,=0.13+0.28,6848000

transcendence_33_entropy_heuristic.mpl
maple: fatal error, lost connection to kernel


elapsed,user+system,memory
3527.58,=0.23+0.44,6848000

transcendence_3_entropy_heuristic.mpl
maple: fatal error, lost connection to kernel


elapsed,user+system,memory
2363.77,=0.15+0.30,6748000

transcendence_4_entropy_heuristic.mpl
maple: fatal error, lost connection to kernel


elapsed,user+system,memory
60379.11,=1.76+5.41,6752000

transcendence_5_entropy_heuristic.mpl
maple: fatal error, lost connection to kernel


elapsed,user+system,memory
114.74,=0.04+0.04,6748000

transcendence_6_entropy_heuristic.mpl
maple: fatal error, lost connection to kernel


elapsed,user+system,memory
10.26,=0.04+0.02,6752000

transcendence_7_entropy_heuristic.mpl
maple: fatal error, lost connection to kernel


elapsed,user+system,memory
7.69,=0.04+0.03,6748000

transcendence_8_entropy_heuristic.mpl
maple: fatal error, lost connection to kernel


elapsed,user+system,memory
9.49,=0.04+0.03,6744000

transcendence_9_entropy_heuristic.mpl
maple: fatal error, lost connection to kernel


elapsed,user+system,memory
12.23,=0.03+0.03,6752000

