Bad pairs for SIAR system
Pair [E_0, E_3] is not transcendence basis
Pair [E_0, E_5] is not transcendence basis
Pair [E_0, E_6] is not transcendence basis
Pair [E_0, E_7] is not transcendence basis
Pair [E_0, E_9] is not transcendence basis
Pair [E_0, S_1] is not transcendence basis
Pair [E_0, S_2] is not transcendence basis
Pair [E_0, S_3] is not transcendence basis
Pair [E_0, S_7] is not transcendence basis
Pair [E_1, E_5] is not transcendence basis
Pair [E_1, E_6] is not transcendence basis
Pair [E_1, S_1] is not transcendence basis
Pair [E_1, S_3] is not transcendence basis
Pair [E_1, S_5] is not transcendence basis
Pair [E_1, S_6] is not transcendence basis
Pair [E_1, S_7] is not transcendence basis
Pair [E_1, S_8] is not transcendence basis
Pair [E_2, E_0] is not transcendence basis
Pair [E_2, E_1] is not transcendence basis
Pair [E_2, E_6] is not transcendence basis
Pair [E_2, E_8] is not transcendence basis
Pair [E_2, S_2] is not transcendence basis
Pair [E_2, S_5] is not transcendence basis
Pair [E_2, S_6] is not transcendence basis
Pair [E_3, E_0] is not transcendence basis
Pair [E_3, E_2] is not transcendence basis
Pair [E_3, E_5] is not transcendence basis
Pair [E_3, E_6] is not transcendence basis
Pair [E_3, S_2] is not transcendence basis
Pair [E_3, S_3] is not transcendence basis
Pair [E_3, S_6] is not transcendence basis
Pair [E_3, S_8] is not transcendence basis
Pair [E_4, E_3] is not transcendence basis
Pair [E_4, E_5] is not transcendence basis
Pair [E_4, E_6] is not transcendence basis
Pair [E_4, S_4] is not transcendence basis
Pair [E_4, S_6] is not transcendence basis
Pair [E_4, S_7] is not transcendence basis
Pair [E_4, S_8] is not transcendence basis
Pair [E_5, E_1] is not transcendence basis
Pair [E_5, E_2] is not transcendence basis
Pair [E_5, E_4] is not transcendence basis
Pair [E_5, S_0] is not transcendence basis
Pair [E_5, S_2] is not transcendence basis
Pair [E_5, S_8] is not transcendence basis
Pair [E_6, E_0] is not transcendence basis
Pair [E_6, E_3] is not transcendence basis
Pair [E_6, E_4] is not transcendence basis
Pair [E_6, E_8] is not transcendence basis
Pair [E_6, S_1] is not transcendence basis
Pair [E_6, S_2] is not transcendence basis
Pair [E_6, S_5] is not transcendence basis
Pair [E_6, S_8] is not transcendence basis
Pair [E_7, E_3] is not transcendence basis
Pair [E_7, E_5] is not transcendence basis
Pair [E_7, E_6] is not transcendence basis
Pair [E_7, E_8] is not transcendence basis
Pair [E_7, S_0] is not transcendence basis
Pair [E_7, S_3] is not transcendence basis
Pair [E_7, S_6] is not transcendence basis
Pair [E_7, S_8] is not transcendence basis
Pair [E_8, E_7] is not transcendence basis
Pair [E_8, S_0] is not transcendence basis
Pair [E_8, S_2] is not transcendence basis
Pair [E_8, S_3] is not transcendence basis
Pair [E_8, S_5] is not transcendence basis
Pair [E_8, S_8] is not transcendence basis
Pair [E_9, E_3] is not transcendence basis
Pair [E_9, E_4] is not transcendence basis
Pair [E_9, E_8] is not transcendence basis
Pair [E_9, S_0] is not transcendence basis
Pair [E_9, S_8] is not transcendence basis
Pair [Ia_0, Ia_1] is not transcendence basis
Pair [Ia_0, Ia_2] is not transcendence basis
Pair [Ia_0, Ia_3] is not transcendence basis
Pair [Ia_0, Ia_5] is not transcendence basis
Pair [Ia_0, Ia_7] is not transcendence basis
Pair [Ia_0, Ia_9] is not transcendence basis
Pair [Ia_1, Ia_2] is not transcendence basis
Pair [Ia_1, Ia_5] is not transcendence basis
Pair [Ia_1, Ia_7] is not transcendence basis
Pair [Ia_1, xi] is not transcendence basis
Pair [Ia_2, Ia_5] is not transcendence basis
Pair [Ia_2, Ia_7] is not transcendence basis
Pair [Ia_2, Ia_8] is not transcendence basis
Pair [Ia_2, Ia_9] is not transcendence basis
Pair [Ia_3, Ia_0] is not transcendence basis
Pair [Ia_3, Ia_1] is not transcendence basis
Pair [Ia_3, Ia_2] is not transcendence basis
Pair [Ia_3, Ia_7] is not transcendence basis
Pair [Ia_3, Ia_8] is not transcendence basis
Pair [Ia_3, Ia_9] is not transcendence basis
Pair [Ia_3, betaIa] is not transcendence basis
Pair [Ia_4, Ia_0] is not transcendence basis
Pair [Ia_4, Ia_1] is not transcendence basis
Pair [Ia_4, Ia_3] is not transcendence basis
Pair [Ia_4, Ia_6] is not transcendence basis
Pair [Ia_4, Ia_8] is not transcendence basis
Pair [Ia_4, Ia_9] is not transcendence basis
Pair [Ia_4, betaIa] is not transcendence basis
Pair [Ia_4, xi] is not transcendence basis
Pair [Ia_5, Ia_4] is not transcendence basis
Pair [Ia_5, Ia_7] is not transcendence basis
Pair [Ia_5, Ia_9] is not transcendence basis
Pair [Ia_5, betaIa] is not transcendence basis
Pair [Ia_6, Ia_4] is not transcendence basis
Pair [Ia_6, Ia_8] is not transcendence basis
Pair [Ia_6, Ia_9] is not transcendence basis
Pair [Ia_6, xi] is not transcendence basis
Pair [Ia_7, Ia_2] is not transcendence basis
Pair [Ia_7, Ia_4] is not transcendence basis
Pair [Ia_7, Ia_5] is not transcendence basis
Pair [Ia_7, betaIa] is not transcendence basis
Pair [Ia_8, Ia_1] is not transcendence basis
Pair [Ia_8, Ia_7] is not transcendence basis
Pair [Ia_8, Ia_9] is not transcendence basis
Pair [Ia_8, xi] is not transcendence basis
Pair [Ia_9, Ia_1] is not transcendence basis
Pair [Ia_9, Ia_2] is not transcendence basis
Pair [Ia_9, Ia_4] is not transcendence basis
Pair [Ia_9, Ia_5] is not transcendence basis
Pair [Ia_9, Ia_8] is not transcendence basis
Pair [Is_0, Is_1] is not transcendence basis
Pair [Is_0, Is_7] is not transcendence basis
Pair [Is_0, Is_9] is not transcendence basis
Pair [Is_0, betaIs] is not transcendence basis
Pair [Is_0, alphaIsH] is not transcendence basis
Pair [Is_1, Is_0] is not transcendence basis
Pair [Is_1, Is_10] is not transcendence basis
Pair [Is_1, Is_5] is not transcendence basis
Pair [Is_1, Is_6] is not transcendence basis
Pair [Is_1, betaIs] is not transcendence basis
Pair [Is_10, Is_2] is not transcendence basis
Pair [Is_10, Is_3] is not transcendence basis
Pair [Is_10, Is_5] is not transcendence basis
Pair [Is_10, Is_9] is not transcendence basis
Pair [Is_2, Is_1] is not transcendence basis
Pair [Is_2, Is_10] is not transcendence basis
Pair [Is_2, Is_7] is not transcendence basis
Pair [Is_2, Is_8] is not transcendence basis
Pair [Is_2, betaIs] is not transcendence basis
Pair [Is_2, alphaIsD] is not transcendence basis
Pair [Is_3, Is_0] is not transcendence basis
Pair [Is_3, Is_10] is not transcendence basis
Pair [Is_3, Is_4] is not transcendence basis
Pair [Is_3, alphaIsT] is not transcendence basis
Pair [Is_4, Is_0] is not transcendence basis
Pair [Is_4, Is_10] is not transcendence basis
Pair [Is_4, Is_2] is not transcendence basis
Pair [Is_4, Is_5] is not transcendence basis
Pair [Is_4, Is_6] is not transcendence basis
Pair [Is_4, Is_8] is not transcendence basis
Pair [Is_4, alphaIsRu] is not transcendence basis
Pair [Is_4, alphaIsT] is not transcendence basis
Pair [Is_5, Is_2] is not transcendence basis
Pair [Is_5, Is_3] is not transcendence basis
Pair [Is_5, Is_7] is not transcendence basis
Pair [Is_5, Is_9] is not transcendence basis
Pair [Is_5, alphaIsD] is not transcendence basis
Pair [Is_5, alphaIsRu] is not transcendence basis
Pair [Is_6, Is_10] is not transcendence basis
Pair [Is_6, Is_3] is not transcendence basis
Pair [Is_6, Is_4] is not transcendence basis
Pair [Is_6, betaIs] is not transcendence basis
Pair [Is_6, alphaIsD] is not transcendence basis
Pair [Is_6, alphaIsT] is not transcendence basis
Pair [Is_7, Is_0] is not transcendence basis
Pair [Is_7, Is_10] is not transcendence basis
Pair [Is_7, Is_9] is not transcendence basis
Pair [Is_7, betaIs] is not transcendence basis
Pair [Is_7, alphaIsH] is not transcendence basis
Pair [Is_7, alphaIsRu] is not transcendence basis
Pair [Is_8, Is_1] is not transcendence basis
Pair [Is_8, Is_4] is not transcendence basis
Pair [Is_8, Is_5] is not transcendence basis
Pair [Is_8, Is_6] is not transcendence basis
Pair [Is_8, Is_7] is not transcendence basis
Pair [Is_8, alphaIsRu] is not transcendence basis
Pair [Is_9, Is_0] is not transcendence basis
Pair [Is_9, Is_2] is not transcendence basis
Pair [Is_9, Is_6] is not transcendence basis
Pair [Is_9, Is_7] is not transcendence basis
Pair [Is_9, alphaIsRu] is not transcendence basis
Pair [S_0, E_5] is not transcendence basis
Pair [S_0, E_6] is not transcendence basis
Pair [S_0, E_7] is not transcendence basis
Pair [S_0, E_8] is not transcendence basis
Pair [S_0, S_6] is not transcendence basis
Pair [S_0, S_7] is not transcendence basis
Pair [S_0, S_8] is not transcendence basis
Pair [S_1, E_0] is not transcendence basis
Pair [S_1, E_4] is not transcendence basis
Pair [S_1, E_6] is not transcendence basis
Pair [S_1, E_9] is not transcendence basis
Pair [S_1, S_0] is not transcendence basis
Pair [S_1, S_5] is not transcendence basis
Pair [S_2, E_0] is not transcendence basis
Pair [S_2, E_1] is not transcendence basis
Pair [S_2, E_2] is not transcendence basis
Pair [S_2, E_6] is not transcendence basis
Pair [S_2, E_9] is not transcendence basis
Pair [S_2, S_0] is not transcendence basis
Pair [S_2, S_7] is not transcendence basis
Pair [S_2, S_8] is not transcendence basis
Pair [S_3, E_3] is not transcendence basis
Pair [S_3, E_6] is not transcendence basis
Pair [S_3, E_8] is not transcendence basis
Pair [S_3, S_0] is not transcendence basis
Pair [S_3, S_2] is not transcendence basis
Pair [S_3, S_4] is not transcendence basis
Pair [S_3, S_5] is not transcendence basis
Pair [S_3, S_7] is not transcendence basis
Pair [S_3, S_8] is not transcendence basis
Pair [S_4, E_1] is not transcendence basis
Pair [S_4, E_2] is not transcendence basis
Pair [S_4, E_4] is not transcendence basis
Pair [S_5, E_3] is not transcendence basis
Pair [S_5, E_5] is not transcendence basis
Pair [S_5, E_7] is not transcendence basis
Pair [S_5, E_9] is not transcendence basis
Pair [S_5, S_0] is not transcendence basis
Pair [S_5, S_4] is not transcendence basis
Pair [S_5, S_6] is not transcendence basis
Pair [S_6, E_0] is not transcendence basis
Pair [S_6, E_1] is not transcendence basis
Pair [S_6, E_4] is not transcendence basis
Pair [S_6, E_5] is not transcendence basis
Pair [S_6, E_6] is not transcendence basis
Pair [S_6, S_0] is not transcendence basis
Pair [S_6, S_4] is not transcendence basis
Pair [S_7, E_0] is not transcendence basis
Pair [S_7, E_2] is not transcendence basis
Pair [S_7, E_5] is not transcendence basis
Pair [S_7, E_6] is not transcendence basis
Pair [S_7, E_8] is not transcendence basis
Pair [S_7, S_4] is not transcendence basis
Pair [S_8, E_5] is not transcendence basis
Pair [S_8, E_6] is not transcendence basis
Pair [S_8, E_7] is not transcendence basis
Pair [S_8, S_1] is not transcendence basis
Pair [S_8, S_4] is not transcendence basis
Pair [S_8, S_7] is not transcendence basis
Pair [betaIa, Ia_0] is not transcendence basis
Pair [betaIa, Ia_6] is not transcendence basis
Pair [betaIa, Ia_7] is not transcendence basis
Pair [betaIa, xi] is not transcendence basis
Pair [betaIs, Is_0] is not transcendence basis
Pair [betaIs, Is_1] is not transcendence basis
Pair [betaIs, Is_4] is not transcendence basis
Pair [betaIs, Is_7] is not transcendence basis
Pair [betaIs, Is_8] is not transcendence basis
Pair [betaIs, Is_9] is not transcendence basis
Pair [betaIs, alphaIsD] is not transcendence basis
Pair [xi, Ia_0] is not transcendence basis
Pair [xi, Ia_6] is not transcendence basis
Pair [xi, Ia_8] is not transcendence basis
Pair [xi, betaIa] is not transcendence basis
Pair [alphaEIs, alphaEIa] is not transcendence basis
Pair [alphaEIs, alphaIaIs] is not transcendence basis
Pair [alphaIaIs, alphaEIa] is not transcendence basis
Pair [alphaIaIs, alphaEIs] is not transcendence basis
Pair [alphaIsD, Is_1] is not transcendence basis
Pair [alphaIsD, Is_2] is not transcendence basis
Pair [alphaIsD, Is_4] is not transcendence basis
Pair [alphaIsD, betaIs] is not transcendence basis
Pair [alphaIsH, Is_0] is not transcendence basis
Pair [alphaIsH, Is_1] is not transcendence basis
Pair [alphaIsH, Is_10] is not transcendence basis
Pair [alphaIsH, Is_2] is not transcendence basis
Pair [alphaIsH, Is_5] is not transcendence basis
Pair [alphaIsH, Is_6] is not transcendence basis
Pair [alphaIsH, Is_7] is not transcendence basis
Pair [alphaIsH, Is_8] is not transcendence basis
Pair [alphaIsH, betaIs] is not transcendence basis
Pair [alphaIsH, alphaIsD] is not transcendence basis
Pair [alphaIsH, alphaIsRu] is not transcendence basis
Pair [alphaIsH, alphaIsT] is not transcendence basis
Pair [alphaIsRu, Is_5] is not transcendence basis
Pair [alphaIsRu, Is_6] is not transcendence basis
Pair [alphaIsRu, alphaIsT] is not transcendence basis
Pair [alphaIsT, Is_0] is not transcendence basis
Pair [alphaIsT, Is_1] is not transcendence basis
Pair [alphaIsT, Is_2] is not transcendence basis
Pair [alphaIsT, Is_3] is not transcendence basis
Pair [alphaIsT, Is_6] is not transcendence basis
Pair [alphaIsT, betaIs] is not transcendence basis
Pair [alphaIsT, alphaIsH] is not transcendence basis
