Bad pairs for new_logs/HIV2 system
Pair [beta, v_0] is not transcendence basis
Pair [beta, v_1] is not transcendence basis
Pair [beta, v_2] is not transcendence basis
Pair [beta, v_3] is not transcendence basis
Pair [beta, v_4] is not transcendence basis
Pair [beta, v_5] is not transcendence basis
Pair [c, lm] is not transcendence basis
Pair [c, q] is not transcendence basis
Pair [c, x_0] is not transcendence basis
Pair [c, x_1] is not transcendence basis
Pair [c, x_2] is not transcendence basis
Pair [c, x_3] is not transcendence basis
Pair [c, x_4] is not transcendence basis
Pair [c, x_5] is not transcendence basis
Pair [c, x_6] is not transcendence basis
Pair [c, y_0] is not transcendence basis
Pair [c, y_1] is not transcendence basis
Pair [c, y_2] is not transcendence basis
Pair [c, y_3] is not transcendence basis
Pair [c, y_4] is not transcendence basis
Pair [c, y_5] is not transcendence basis
Pair [c, y_6] is not transcendence basis
Pair [lm, q] is not transcendence basis
Pair [lm, x_0] is not transcendence basis
Pair [lm, x_1] is not transcendence basis
Pair [lm, x_2] is not transcendence basis
Pair [lm, x_3] is not transcendence basis
Pair [lm, x_4] is not transcendence basis
Pair [lm, x_5] is not transcendence basis
Pair [lm, x_6] is not transcendence basis
Pair [lm, y_0] is not transcendence basis
Pair [lm, y_1] is not transcendence basis
Pair [lm, y_2] is not transcendence basis
Pair [lm, y_3] is not transcendence basis
Pair [lm, y_4] is not transcendence basis
Pair [lm, y_5] is not transcendence basis
Pair [lm, y_6] is not transcendence basis
Pair [q, x_0] is not transcendence basis
Pair [q, x_1] is not transcendence basis
Pair [q, x_2] is not transcendence basis
Pair [q, x_3] is not transcendence basis
Pair [q, x_4] is not transcendence basis
Pair [q, x_5] is not transcendence basis
Pair [q, x_6] is not transcendence basis
Pair [q, y_0] is not transcendence basis
Pair [q, y_1] is not transcendence basis
Pair [q, y_2] is not transcendence basis
Pair [q, y_3] is not transcendence basis
Pair [q, y_4] is not transcendence basis
Pair [q, y_5] is not transcendence basis
Pair [q, y_6] is not transcendence basis
Pair [v_0, v_1] is not transcendence basis
Pair [v_0, v_2] is not transcendence basis
Pair [v_0, v_3] is not transcendence basis
Pair [v_0, v_4] is not transcendence basis
Pair [v_0, v_5] is not transcendence basis
Pair [v_1, v_2] is not transcendence basis
Pair [v_1, v_3] is not transcendence basis
Pair [v_1, v_4] is not transcendence basis
Pair [v_1, v_5] is not transcendence basis
Pair [v_2, v_3] is not transcendence basis
Pair [v_2, v_4] is not transcendence basis
Pair [v_2, v_5] is not transcendence basis
Pair [v_3, v_4] is not transcendence basis
Pair [v_3, v_5] is not transcendence basis
Pair [v_4, v_5] is not transcendence basis
Pair [x_0, x_1] is not transcendence basis
Pair [x_0, x_2] is not transcendence basis
Pair [x_0, x_3] is not transcendence basis
Pair [x_0, x_4] is not transcendence basis
Pair [x_0, x_5] is not transcendence basis
Pair [x_0, x_6] is not transcendence basis
Pair [x_0, y_0] is not transcendence basis
Pair [x_0, y_1] is not transcendence basis
Pair [x_0, y_2] is not transcendence basis
Pair [x_0, y_3] is not transcendence basis
Pair [x_0, y_4] is not transcendence basis
Pair [x_0, y_5] is not transcendence basis
Pair [x_0, y_6] is not transcendence basis
Pair [x_1, x_2] is not transcendence basis
Pair [x_1, x_3] is not transcendence basis
Pair [x_1, x_4] is not transcendence basis
Pair [x_1, x_5] is not transcendence basis
Pair [x_1, x_6] is not transcendence basis
Pair [x_1, y_0] is not transcendence basis
Pair [x_1, y_1] is not transcendence basis
Pair [x_1, y_2] is not transcendence basis
Pair [x_1, y_3] is not transcendence basis
Pair [x_1, y_4] is not transcendence basis
Pair [x_1, y_5] is not transcendence basis
Pair [x_1, y_6] is not transcendence basis
Pair [x_2, x_3] is not transcendence basis
Pair [x_2, x_4] is not transcendence basis
Pair [x_2, x_5] is not transcendence basis
Pair [x_2, x_6] is not transcendence basis
Pair [x_2, y_0] is not transcendence basis
Pair [x_2, y_1] is not transcendence basis
Pair [x_2, y_2] is not transcendence basis
Pair [x_2, y_3] is not transcendence basis
Pair [x_2, y_4] is not transcendence basis
Pair [x_2, y_5] is not transcendence basis
Pair [x_2, y_6] is not transcendence basis
Pair [x_3, x_4] is not transcendence basis
Pair [x_3, x_5] is not transcendence basis
Pair [x_3, x_6] is not transcendence basis
Pair [x_3, y_0] is not transcendence basis
Pair [x_3, y_1] is not transcendence basis
Pair [x_3, y_2] is not transcendence basis
Pair [x_3, y_3] is not transcendence basis
Pair [x_3, y_4] is not transcendence basis
Pair [x_3, y_5] is not transcendence basis
Pair [x_3, y_6] is not transcendence basis
Pair [x_4, x_5] is not transcendence basis
Pair [x_4, x_6] is not transcendence basis
Pair [x_4, y_0] is not transcendence basis
Pair [x_4, y_1] is not transcendence basis
Pair [x_4, y_2] is not transcendence basis
Pair [x_4, y_3] is not transcendence basis
Pair [x_4, y_4] is not transcendence basis
Pair [x_4, y_5] is not transcendence basis
Pair [x_4, y_6] is not transcendence basis
Pair [x_5, x_6] is not transcendence basis
Pair [x_5, y_0] is not transcendence basis
Pair [x_5, y_1] is not transcendence basis
Pair [x_5, y_2] is not transcendence basis
Pair [x_5, y_3] is not transcendence basis
Pair [x_5, y_4] is not transcendence basis
Pair [x_5, y_5] is not transcendence basis
Pair [x_5, y_6] is not transcendence basis
Pair [x_6, y_0] is not transcendence basis
Pair [x_6, y_1] is not transcendence basis
Pair [x_6, y_2] is not transcendence basis
Pair [x_6, y_3] is not transcendence basis
Pair [x_6, y_4] is not transcendence basis
Pair [x_6, y_5] is not transcendence basis
Pair [x_6, y_6] is not transcendence basis
Pair [y_0, y_1] is not transcendence basis
Pair [y_0, y_2] is not transcendence basis
Pair [y_0, y_3] is not transcendence basis
Pair [y_0, y_4] is not transcendence basis
Pair [y_0, y_5] is not transcendence basis
Pair [y_0, y_6] is not transcendence basis
Pair [y_1, y_2] is not transcendence basis
Pair [y_1, y_3] is not transcendence basis
Pair [y_1, y_4] is not transcendence basis
Pair [y_1, y_5] is not transcendence basis
Pair [y_1, y_6] is not transcendence basis
Pair [y_2, y_3] is not transcendence basis
Pair [y_2, y_4] is not transcendence basis
Pair [y_2, y_5] is not transcendence basis
Pair [y_2, y_6] is not transcendence basis
Pair [y_3, y_4] is not transcendence basis
Pair [y_3, y_5] is not transcendence basis
Pair [y_3, y_6] is not transcendence basis
Pair [y_4, y_5] is not transcendence basis
Pair [y_4, y_6] is not transcendence basis
Pair [y_5, y_6] is not transcendence basis
