    |\^/|     Maple 2021 (X86 64 LINUX)
._|\|   |/|_. Copyright (c) Maplesoft, a division of Waterloo Maple Inc. 2021
 \  MAPLE  /  All rights reserved. Maple is a trademark of
 <____ ____>  Waterloo Maple Inc.
      |       Type ? for help.
> infolevel[Groebner]:=10;
                           infolevel[Groebner] := 10

> Et_hat := [339372568298134399374-w_0, c*q*w_0*y_0-c*w_0*x_0*y_0+b*w_0+w_1, 106224619211693181724-z_0, -c*q*w_0*y_0+h*z_0+z_1, 194550219956825416285-k_0, k_1, -w_1-177517842519831071774991658323356663640313498992792009685230810596430626936860764, ((-x_1*y_0+y_1*(q-x_0))*w_0+w_1*y_0*(q-x_0))*c+b*w_1+w_2, beta*v_0*x_0+d*x_0-lm+x_1, -beta*v_0*x_0+a*y_0+y_1, 1491646745595777861438103192875312096283845681737754502750333872951104083639416296-z_1, -q*(w_0*y_1+w_1*y_0)*c+h*z_1+z_2, -w_2+92855426031994865688708543098565575315067032049957128716042261625458233121907417971410735175585948328303415904462035857264005451570612438796, ((q*y_2-x_0*y_2-2*x_1*y_1-x_2*y_0)*w_0+(-2*w_1*x_1+w_2*(q-x_0))*y_0+2*y_1*w_1*(q-x_0))*c+b*w_2+w_3, beta*x_0*v_1+(beta*v_0+d)*x_1+x_2, -beta*v_0*x_1-beta*v_1*x_0+a*y_1+y_2, -k_0*y_0+u*v_0+v_1, -780245478907628737770544640936620753383960200961170948219770440602539612952808540324520839805507852891266199320650512103658613595862173812604-z_2, -q*(w_0*y_2+2*w_1*y_1+w_2*y_0)*c+h*z_2+z_3, -w_3-48570498723924411828045240077501815685926400279443587896596699316562356377426437296801847485692367666567327588324926032614392293563376463664003799624138974236202675722511841296993643705553156869320676, ((q*y_3-x_0*y_3-3*x_1*y_2-3*x_2*y_1-x_3*y_0)*w_0+(q*w_3-3*w_1*x_2-3*w_2*x_1-w_3*x_0)*y_0+(3*q*y_2-3*x_0*y_2-6*x_1*y_1)*w_1+3*y_1*w_2*(q-x_0))*c+b*w_3+w_4, (v_0*x_2+2*v_1*x_1+v_2*x_0)*beta+d*x_2+x_3, (-v_0*x_2-2*v_1*x_1-v_2*x_0)*beta+a*y_2+y_3, -k_0*y_1-k_1*y_0+u*v_1+v_2, 408128137009169160102114704035357585066797159012513644859965425480373278203682396704599859457182966723000219471178323417290821039524706771045243067925882997407657210348965216260292864599158793469635304-z_3, -3*(y_2*w_1+1/3*y_3*w_0+w_2*y_1+1/3*w_3*y_0)*q*c+h*z_3+z_4, -w_4+25406090382675951194649513680291353550160101478094615982321169669274108125459490505636183854210311525397427701873477870222969684363224262681944790777124194367496417434799315093031887977028656977808471146041673423495304861544075097390704960260523476620849762236, ((q*y_4-x_0*y_4-4*x_1*y_3-6*x_2*y_2-4*x_3*y_1-x_4*y_0)*w_0+(q*w_4-4*w_1*x_3-6*w_2*x_2-4*w_3*x_1-w_4*x_0)*y_0+(4*q*y_3-4*x_0*y_3-12*x_1*y_2-12*x_2*y_1)*w_1+(-6*w_2*y_2-4*w_3*y_1)*x_0+(4*q*w_3-12*w_2*x_1)*y_1+6*y_2*q*w_2)*c+b*w_4+w_5, (v_0*x_3+3*v_1*x_2+3*v_2*x_1+v_3*x_0)*beta+d*x_3+x_4, (-v_0*x_3-3*v_1*x_2-3*v_2*x_1-v_3*x_0)*beta+a*y_3+y_4, -k_0*y_2-2*k_1*y_1-k_2*y_0+u*v_2+v_3, k_2, -213482270287265298233062992613090650893818598478600582338417460876074967688235590186538793580952403040723330452269200578351304028597243772340394207365574302011340681949758828077385486516138594339282288035725197022103278051679975029733834751504121325380015091164-z_4, -4*(w_3*y_1+3/2*y_2*w_2+y_3*w_1+1/4*y_4*w_0+1/4*w_4*y_0)*q*c+h*z_4+z_5, -w_5-13289330879667497325660310789943261890567403250700366228165625014394344890584126159996814150068285617669313821451209116430369630694599345446293603747346438141870027400555505734405634717244988805794842737035768433226811367212799884767068781164994501536772562830577672667857102293905363789374739400942066419640066991486788, ((q*y_5-x_0*y_5-5*x_1*y_4-10*x_2*y_3-10*x_3*y_2-5*x_4*y_1-x_5*y_0)*w_0+(q*w_5-5*w_1*x_4-10*w_2*x_3-10*w_3*x_2-5*w_4*x_1-w_5*x_0)*y_0+(5*q*y_4-5*x_0*y_4-20*x_1*y_3-30*x_2*y_2-20*x_3*y_1)*w_1+(-10*w_2*y_3-10*w_3*y_2-5*w_4*y_1)*x_0+(5*q*w_4-30*w_2*x_2-20*w_3*x_1)*y_1+(10*w_2*y_3+10*w_3*y_2)*q-30*x_1*y_2*w_2)*c+b*w_5+w_6, (v_0*x_4+4*v_1*x_3+6*v_2*x_2+4*v_3*x_1+v_4*x_0)*beta+d*x_4+x_5, (-v_0*x_4-4*v_1*x_3-6*v_2*x_2-4*v_3*x_1-v_4*x_0)*beta+a*y_4+y_5, -k_0*y_3-3*k_1*y_2-3*k_2*y_1-k_3*y_0+u*v_3+v_4, k_3, 111667575925991836519012469389421280474148623539182305106474720083931399147962275228092521109303207287342984038114595309799248017437481448465506408724394593416015193035048851065301310083908797382689359635944606886679010805740132069466961996426380614934592664502468796679009753985324095790195201094285471866903809515032872-z_5, -q*(w_0*y_5+5*w_1*y_4+10*w_2*y_3+10*w_3*y_2+5*w_4*y_1+w_5*y_0)*c+h*z_5+z_6, -w_6+6951337752844861670089548262618678058532040395832399318495630675301016499175722637662873438505229110987877474090693953550248713348889359407047430794521505994664618317996821372346154885732753127512948834805531095954472772527675706226113757272300786158044920595756095329513845998447719261269298688715288760959209953299296592790687779673754761740242542008788510179071752677003598780, ((q*y_6-x_0*y_6-6*x_1*y_5-15*x_2*y_4-20*x_3*y_3-15*x_4*y_2-6*x_5*y_1-x_6*y_0)*w_0+(q*w_6-6*w_1*x_5-15*w_2*x_4-20*w_3*x_3-15*w_4*x_2-6*w_5*x_1-w_6*x_0)*y_0+(6*q*y_5-6*x_0*y_5-30*x_1*y_4-60*x_2*y_3-60*x_3*y_2-30*x_4*y_1)*w_1+(-15*w_2*y_4-20*w_3*y_3-15*w_4*y_2-6*w_5*y_1)*x_0+(6*q*w_5-60*w_2*x_3-60*w_3*x_2-30*w_4*x_1)*y_1+(15*w_2*y_4+20*w_3*y_3+15*w_4*y_2)*q+(-60*x_1*y_3-90*x_2*y_2)*w_2-60*x_1*y_2*w_3)*c+b*w_6+w_7, (v_0*x_5+5*v_1*x_4+10*v_2*x_3+10*v_3*x_2+5*v_4*x_1+v_5*x_0)*beta+d*x_5+x_6, (-v_0*x_5-5*v_1*x_4-10*v_2*x_3-10*v_3*x_2-5*v_4*x_1-v_5*x_0)*beta+a*y_5+y_6, -k_0*y_4-4*k_1*y_3-6*k_2*y_2-4*k_3*y_1-k_4*y_0+u*v_4+v_5, k_4, -w_7-3636081981227278925984827353156573660913137661097056558207125002085435985504081645762534211408562633317267893747629872238480037535058515619201997912576123127719087354684670975761323093094654809102808068012083251120807739547709918535154344500264981678942626796949113355982475983063314197593356959387751912930528000829915624194921586778044635855952488149498820808996622392562247057738130001491419530366928722086007196395695264785379062705412, -58410693761162396301561140839597031545194745791649822814030884820148538546069538782194525921415412431772804750047743490682578769715068628718033235772004274396028838053361263281983751565049016924845068115580269289211632810219786396191097624053999027536350238573712523653532438024165929188466687525923486961367002390581960768319857793570993518086638137027022520678753885811821895260-z_6, -k_1, -k_2, -k_3, -k_4, 794852641493224119868510084165701074845160428927572419638847127753634395060375341875377351509287003435955522001711268308583586117520265480788944906375495959915-v_4, z_aux-1];
Et_hat := [339372568298134399374 - w_0,

    c q w_0 y_0 - c w_0 x_0 y_0 + b w_0 + w_1, 106224619211693181724 - z_0,

    -c q w_0 y_0 + h z_0 + z_1, 194550219956825416285 - k_0, k_1, -w_1 - 177\
    517842519831071774991658323356663640313498992792009685230810596430626936\

    860764,

    ((-x_1 y_0 + y_1 (q - x_0)) w_0 + w_1 y_0 (q - x_0)) c + b w_1 + w_2,

    beta v_0 x_0 + d x_0 - lm + x_1, -beta v_0 x_0 + a y_0 + y_1, 14916467455\
    95777861438103192875312096283845681737754502750333872951104083639416296

     - z_1, -q (w_0 y_1 + w_1 y_0) c + h z_1 + z_2, -w_2 + 92855426031994865\
    688708543098565575315067032049957128716042261625458233121907417971410735\

    175585948328303415904462035857264005451570612438796, (

    (q y_2 - x_0 y_2 - 2 x_1 y_1 - x_2 y_0) w_0

     + (-2 w_1 x_1 + w_2 (q - x_0)) y_0 + 2 y_1 w_1 (q - x_0)) c + b w_2 + w_3,

    beta x_0 v_1 + (beta v_0 + d) x_1 + x_2,

    -beta v_0 x_1 - beta v_1 x_0 + a y_1 + y_2, -k_0 y_0 + u v_0 + v_1, -780\
    245478907628737770544640936620753383960200961170948219770440602539612952\

    808540324520839805507852891266199320650512103658613595862173812604 - z_2,

    -q (w_0 y_2 + 2 w_1 y_1 + w_2 y_0) c + h z_2 + z_3, -w_3 - 4857049872392\
    441182804524007750181568592640027944358789659669931656235637742643729680\
    184748569236766656732758832492603261439229356337646366400379962413897423\

    6202675722511841296993643705553156869320676, (

    (q y_3 - x_0 y_3 - 3 x_1 y_2 - 3 x_2 y_1 - x_3 y_0) w_0

     + (q w_3 - 3 w_1 x_2 - 3 w_2 x_1 - w_3 x_0) y_0

     + (3 q y_2 - 3 x_0 y_2 - 6 x_1 y_1) w_1 + 3 y_1 w_2 (q - x_0)) c + b w_3

     + w_4, (v_0 x_2 + 2 v_1 x_1 + v_2 x_0) beta + d x_2 + x_3,

    (-v_0 x_2 - 2 v_1 x_1 - v_2 x_0) beta + a y_2 + y_3,

    -k_0 y_1 - k_1 y_0 + u v_1 + v_2, 408128137009169160102114704035357585066\
    797159012513644859965425480373278203682396704599859457182966723000219471\
    178323417290821039524706771045243067925882997407657210348965216260292864\

    599158793469635304 - z_3,

       /          y_3 w_0             w_3 y_0\
    -3 |y_2 w_1 + ------- + w_2 y_1 + -------| q c + h z_3 + z_4, -w_4 + 254\
       \             3                   3   /
    060903826759511946495136802913535501601014780946159823211696692741081254\
    594905056361838542103115253974277018734778702229696843632242626819447907\
    771241943674964174347993150930318879770286569778084711460416734234953048\

    61544075097390704960260523476620849762236, (

    (q y_4 - x_0 y_4 - 4 x_1 y_3 - 6 x_2 y_2 - 4 x_3 y_1 - x_4 y_0) w_0

     + (q w_4 - 4 w_1 x_3 - 6 w_2 x_2 - 4 w_3 x_1 - w_4 x_0) y_0

     + (4 q y_3 - 4 x_0 y_3 - 12 x_1 y_2 - 12 x_2 y_1) w_1

     + (-6 w_2 y_2 - 4 w_3 y_1) x_0 + (4 q w_3 - 12 w_2 x_1) y_1 + 6 y_2 q w_2)

    c + b w_4 + w_5,

    (v_0 x_3 + 3 v_1 x_2 + 3 v_2 x_1 + v_3 x_0) beta + d x_3 + x_4,

    (-v_0 x_3 - 3 v_1 x_2 - 3 v_2 x_1 - v_3 x_0) beta + a y_3 + y_4,

    -k_0 y_2 - 2 k_1 y_1 - k_2 y_0 + u v_2 + v_3, k_2, -21348227028726529823\
    306299261309065089381859847860058233841746087607496768823559018653879358\
    095240304072333045226920057835130402859724377234039420736557430201134068\
    194975882807738548651613859433928228803572519702210327805167997502973383\

    4751504121325380015091164 - z_4,

       /          3 w_2 y_2             y_4 w_0   w_4 y_0\
    -4 |w_3 y_1 + --------- + y_3 w_1 + ------- + -------| q c + h z_4 + z_5,
       \              2                    4         4   /

    -w_5 - 13289330879667497325660310789943261890567403250700366228165625014\
    394344890584126159996814150068285617669313821451209116430369630694599345\
    446293603747346438141870027400555505734405634717244988805794842737035768\
    433226811367212799884767068781164994501536772562830577672667857102293905\

    363789374739400942066419640066991486788, ((

    q y_5 - x_0 y_5 - 5 x_1 y_4 - 10 x_2 y_3 - 10 x_3 y_2 - 5 x_4 y_1 - x_5 y_0

    ) w_0

     + (q w_5 - 5 w_1 x_4 - 10 w_2 x_3 - 10 w_3 x_2 - 5 w_4 x_1 - w_5 x_0) y_0

     + (5 q y_4 - 5 x_0 y_4 - 20 x_1 y_3 - 30 x_2 y_2 - 20 x_3 y_1) w_1

     + (-10 w_2 y_3 - 10 w_3 y_2 - 5 w_4 y_1) x_0

     + (5 q w_4 - 30 w_2 x_2 - 20 w_3 x_1) y_1 + (10 w_2 y_3 + 10 w_3 y_2) q

     - 30 x_1 y_2 w_2) c + b w_5 + w_6,

    (v_0 x_4 + 4 v_1 x_3 + 6 v_2 x_2 + 4 v_3 x_1 + v_4 x_0) beta + d x_4 + x_5,

    (-v_0 x_4 - 4 v_1 x_3 - 6 v_2 x_2 - 4 v_3 x_1 - v_4 x_0) beta + a y_4 + y_5

    , -k_0 y_3 - 3 k_1 y_2 - 3 k_2 y_1 - k_3 y_0 + u v_3 + v_4, k_3, 11166757\
    592599183651901246938942128047414862353918230510647472008393139914796227\
    522809252110930320728734298403811459530979924801743748144846550640872439\
    459341601519303504885106530131008390879738268935963594460688667901080574\
    013206946696199642638061493459266450246879667900975398532409579019520109\

    4285471866903809515032872 - z_5,

    -q (w_0 y_5 + 5 w_1 y_4 + 10 w_2 y_3 + 10 w_3 y_2 + 5 w_4 y_1 + w_5 y_0) c

     + h z_5 + z_6, -w_6 + 6951337752844861670089548262618678058532040395832\
    399318495630675301016499175722637662873438505229110987877474090693953550\
    248713348889359407047430794521505994664618317996821372346154885732753127\
    512948834805531095954472772527675706226113757272300786158044920595756095\
    329513845998447719261269298688715288760959209953299296592790687779673754\

    761740242542008788510179071752677003598780, ((q y_6 - x_0 y_6 - 6 x_1 y_5

     - 15 x_2 y_4 - 20 x_3 y_3 - 15 x_4 y_2 - 6 x_5 y_1 - x_6 y_0) w_0 + (q w_6

     - 6 w_1 x_5 - 15 w_2 x_4 - 20 w_3 x_3 - 15 w_4 x_2 - 6 w_5 x_1 - w_6 x_0)

    y_0 +

    (6 q y_5 - 6 x_0 y_5 - 30 x_1 y_4 - 60 x_2 y_3 - 60 x_3 y_2 - 30 x_4 y_1)

    w_1 + (-15 w_2 y_4 - 20 w_3 y_3 - 15 w_4 y_2 - 6 w_5 y_1) x_0

     + (6 q w_5 - 60 w_2 x_3 - 60 w_3 x_2 - 30 w_4 x_1) y_1

     + (15 w_2 y_4 + 20 w_3 y_3 + 15 w_4 y_2) q

     + (-60 x_1 y_3 - 90 x_2 y_2) w_2 - 60 x_1 y_2 w_3) c + b w_6 + w_7,

    (v_0 x_5 + 5 v_1 x_4 + 10 v_2 x_3 + 10 v_3 x_2 + 5 v_4 x_1 + v_5 x_0) beta

     + d x_5 + x_6,

    (-v_0 x_5 - 5 v_1 x_4 - 10 v_2 x_3 - 10 v_3 x_2 - 5 v_4 x_1 - v_5 x_0) beta

     + a y_5 + y_6,

    -k_0 y_4 - 4 k_1 y_3 - 6 k_2 y_2 - 4 k_3 y_1 - k_4 y_0 + u v_4 + v_5, k_4,

    -w_7 - 36360819812272789259848273531565736609131376610970565582071250020\
    854359855040816457625342114085626333172678937476298722384800375350585156\
    192019979125761231277190873546846709757613230930946548091028080680120832\
    511208077395477099185351543445002649816789426267969491133559824759830633\
    141975933569593877519129305280008299156241949215867780446358559524881494\
    988208089966223925622470577381300014914195303669287220860071963956952647\

    85379062705412, -5841069376116239630156114083959703154519474579164982281\
    403088482014853854606953878219452592141541243177280475004774349068257876\
    971506862871803323577200427439602883805336126328198375156504901692484506\
    811558026928921163281021978639619109762405399902753635023857371252365353\
    243802416592918846668752592348696136700239058196076831985779357099351808\

    6638137027022520678753885811821895260 - z_6, -k_1, -k_2, -k_3, -k_4, 7948\
    526414932241198685100841657010748451604289275724196388471277536343950603\
    753418753773515092870034359555220017112683085835861175202654807889449063\

    75495959915 - v_4, z_aux - 1]

> vars:=[w_7, z_6, y_6, x_6, w_6, z_5, y_5, x_5, w_5, v_5, z_4, y_4, x_4, w_4, v_4, k_4, z_3, y_3, x_3, w_3, v_3, k_3, z_2, y_2, x_2, w_2, v_2, k_2, z_1, y_1, x_1, w_1, v_1, k_1, z_0, y_0, x_0, w_0, v_0, k_0, z_aux, w_aux, a, b, beta, c, d, h, lm, q, u];
vars := [w_7, z_6, y_6, x_6, w_6, z_5, y_5, x_5, w_5, v_5, z_4, y_4, x_4, w_4,

    v_4, k_4, z_3, y_3, x_3, w_3, v_3, k_3, z_2, y_2, x_2, w_2, v_2, k_2, z_1,

    y_1, x_1, w_1, v_1, k_1, z_0, y_0, x_0, w_0, v_0, k_0, z_aux, w_aux, a, b,

    beta, c, d, h, lm, q, u]

> gb:=Groebner[Basis](Et_hat, tdeg(op(vars)), characteristic=11863279);
-> MGb
 domain: mod_int_cof
F4 algorithm
prime=11863279
 deg  pairs  taken         matrix                                        found
   2     42      5        22 x 32           2.2 per row,     0.0 MB      5 new,      0 zero     0.005 sec
   3     49     14        47 x 97           3.2 per row,     0.0 MB     12 new,      2 zero     0.001 sec
   3     74     29        99 x 216          4.0 per row,     0.0 MB     15 new,     14 zero     0.011 sec
   4    106     92       530 x 1196         4.4 per row,     0.0 MB     57 new,     35 zero     0.008 sec
   4    435    170      1105 x 3279         8.0 per row,     0.1 MB     59 new,    111 zero     0.022 sec
   2    683      8        23 x 32           3.5 per row,     0.0 MB      4 new,      4 zero     0.001 sec
   3    648    104       538 x 666          4.8 per row,     0.0 MB     48 new,     56 zero     0.006 sec
   3    755    161       564 x 648         13.6 per row,     0.1 MB     52 new,    109 zero     0.007 sec
   3    732    112       428 x 497         20.7 per row,     0.1 MB     27 new,     85 zero     0.004 sec
   3    917     31       324 x 451         21.4 per row,     0.1 MB      7 new,     24 zero     0.002 sec
   4    975    713      3449 x 3803        19.2 per row,     0.5 MB    170 new,    543 zero     0.045 sec
   4   2619    353      2769 x 3387        25.6 per row,     0.6 MB    120 new,    233 zero     0.035 sec
   4   3877    360      2967 x 3526        28.2 per row,     0.6 MB     43 new,    317 zero     0.022 sec
   4   3933    181      2914 x 4123        34.2 per row,     0.8 MB    129 new,     52 zero     0.051 sec
   4   6144    165      4886 x 6694        52.4 per row,     2.0 MB    165 new,      0 zero     0.105 sec
   4   9069     59      4580 x 6345        69.4 per row,     2.4 MB     59 new,      0 zero     0.077 sec
   5  10190   9887     43988 x 39429      143.6 per row,    48.4 MB   2884 new,   7003 zero